#
# There is insufficient memory for the Java Runtime Environment to continue.
# Native memory allocation (mmap) failed to map 408944640 bytes for G1 virtual space
# Possible reasons:
#   The system is out of physical RAM or swap space
#   The process is running with CompressedOops enabled, and the Java Heap may be blocking the growth of the native heap
# Possible solutions:
#   Reduce memory load on the system
#   Increase physical memory or swap space
#   Check if swap backing store is full
#   Decrease Java heap size (-Xmx/-Xms)
#   Decrease number of Java threads
#   Decrease Java thread stack sizes (-Xss)
#   Set larger code cache with -XX:ReservedCodeCacheSize=
#   JVM is running with Zero Based Compressed Oops mode in which the Java heap is
#     placed in the first 32GB address space. The Java Heap base address is the
#     maximum limit for the native heap growth. Please use -XX:HeapBaseMinAddress
#     to set the Java Heap base and to place the Java Heap above 32GB virtual address.
# This output file may be truncated or incomplete.
#
#  Out of Memory Error (os_windows.cpp:3550), pid=12964, tid=5568
#
# JRE version: Java(TM) SE Runtime Environment (17.0.8+9) (build 17.0.8+9-LTS-211)
# Java VM: Java HotSpot(TM) 64-Bit Server VM (17.0.8+9-LTS-211, mixed mode, sharing, tiered, compressed oops, compressed class ptrs, g1 gc, windows-amd64)
# No core dump will be written. Minidumps are not enabled by default on client versions of Windows
#

---------------  S U M M A R Y ------------

Command Line: --add-opens=java.base/java.util=ALL-UNNAMED --add-opens=java.base/java.lang=ALL-UNNAMED --add-opens=java.base/java.lang.invoke=ALL-UNNAMED --add-opens=java.base/java.util=ALL-UNNAMED --add-opens=java.prefs/java.util.prefs=ALL-UNNAMED --add-opens=java.prefs/java.util.prefs=ALL-UNNAMED --add-opens=java.base/java.nio.charset=ALL-UNNAMED --add-opens=java.base/java.net=ALL-UNNAMED --add-opens=java.base/java.util.concurrent.atomic=ALL-UNNAMED -Xmx4096m -Dfile.encoding=windows-1252 -Duser.country=US -Duser.language=en -Duser.variant org.gradle.launcher.daemon.bootstrap.GradleDaemon 7.5

Host: 11th Gen Intel(R) Core(TM) i5-1135G7 @ 2.40GHz, 8 cores, 7G,  Windows 10 , 64 bit Build 19041 (10.0.19041.3393)
Time: Mon Sep 18 09:26:27 2023 Georgian Standard Time elapsed time: 49.520339 seconds (0d 0h 0m 49s)

---------------  T H R E A D  ---------------

Current thread (0x000002422bfc4a50):  VMThread "VM Thread" [stack: 0x0000008402f00000,0x0000008403000000] [id=5568]

Stack: [0x0000008402f00000,0x0000008403000000]
Native frames: (J=compiled Java code, j=interpreted, Vv=VM code, C=native code)
V  [jvm.dll+0x677d0a]
V  [jvm.dll+0x7d8c54]
V  [jvm.dll+0x7da3fe]
V  [jvm.dll+0x7daa63]
V  [jvm.dll+0x245c5f]
V  [jvm.dll+0x674bb9]
V  [jvm.dll+0x6694f2]
V  [jvm.dll+0x3031d6]
V  [jvm.dll+0x30a756]
V  [jvm.dll+0x359f9e]
V  [jvm.dll+0x35a1cf]
V  [jvm.dll+0x2da3e8]
V  [jvm.dll+0x2d87f5]
V  [jvm.dll+0x2d7dfc]
V  [jvm.dll+0x31b4cb]
V  [jvm.dll+0x7df26b]
V  [jvm.dll+0x7dffa4]
V  [jvm.dll+0x7e04bd]
V  [jvm.dll+0x7e0894]
V  [jvm.dll+0x7e0960]
V  [jvm.dll+0x788bba]
V  [jvm.dll+0x676b35]
C  [ucrtbase.dll+0x21bb2]
C  [KERNEL32.DLL+0x17344]
C  [ntdll.dll+0x526b1]

VM_Operation (0x00000084082f91c0): G1CollectForAllocation, mode: safepoint, requested by thread 0x0000024273bc48c0


---------------  P R O C E S S  ---------------

Threads class SMR info:
_java_thread_list=0x000002427cc20cb0, length=138, elements={
0x00000242091c5810, 0x000002422bfcc470, 0x000002422bfcf960, 0x000002422bfe12d0,
0x000002422bfe3da0, 0x000002422bfe8780, 0x000002422bfe9040, 0x000002422bfe9ce0,
0x000002422bfea690, 0x000002422bfecfa0, 0x000002422c22b7a0, 0x000002422c2304a0,
0x0000024272ee96a0, 0x0000024272a8e790, 0x000002427350fbe0, 0x00000242731aa7f0,
0x00000242734e4830, 0x00000242725ab200, 0x000002427276d620, 0x0000024273581210,
0x00000242728543b0, 0x0000024272853540, 0x0000024272856090, 0x0000024272855220,
0x0000024272853a10, 0x00000242728556f0, 0x0000024272854880, 0x0000024272854d50,
0x0000024272855bc0, 0x0000024272856560, 0x0000024272856f00, 0x0000024272853ee0,
0x00000242728aebe0, 0x00000242728aad50, 0x00000242728a9540, 0x00000242728af580,
0x00000242728ab220, 0x00000242728aa3b0, 0x00000242728a86d0, 0x00000242728a8ba0,
0x00000242728a9070, 0x00000242728a9ee0, 0x00000242728ab6f0, 0x00000242728ac560,
0x00000242728ad3d0, 0x00000242728ad8a0, 0x00000242728add70, 0x00000242728ae240,
0x0000024273b50ed0, 0x0000024273b513a0, 0x0000024273b56570, 0x0000024273b55700,
0x0000024273b56f10, 0x0000024273b50a00, 0x0000024273b53080, 0x0000024273b55bd0,
0x0000024273b56a40, 0x0000024273b4f6c0, 0x0000024273b543c0, 0x0000024273b51870,
0x0000024273b52210, 0x0000024273b54890, 0x0000024273b4fb90, 0x0000024273b53ef0,
0x0000024273b54d60, 0x0000024273b560a0, 0x0000024273b50060, 0x0000024273b50530,
0x0000024273b55230, 0x0000024273b51d40, 0x0000024273b526e0, 0x0000024273b52bb0,
0x0000024273b53a20, 0x0000024273bc3580, 0x0000024273bc48c0, 0x0000024273bc30b0,
0x0000024273bc0560, 0x0000024273bc65a0, 0x0000024273bc13d0, 0x0000024273bc3a50,
0x0000024273bc5730, 0x0000024273bbf220, 0x0000024273bc3f20, 0x0000024273bc5c00,
0x0000024273bc0a30, 0x0000024273bc43f0, 0x0000024273bc4d90, 0x0000024273bc60d0,
0x0000024273bc2240, 0x0000024273bc2710, 0x0000024273bc1d70, 0x0000024273bc0f00,
0x0000024273bbf6f0, 0x0000024273bc5260, 0x0000024273bc6a70, 0x0000024273bc2be0,
0x0000024273bbfbc0, 0x0000024272cd3460, 0x0000024272cd2f90, 0x0000024272cd3930,
0x0000024272cd12b0, 0x0000024272ccc0e0, 0x0000024272cd1780, 0x0000024272ccca80,
0x0000024272ccfaa0, 0x0000024272cd1c50, 0x0000024272ccff70, 0x0000024272ccddc0,
0x0000024272cd2120, 0x0000024272cce290, 0x0000024272cd25f0, 0x0000024272cce760,
0x0000024272cd0de0, 0x0000024272cd0440, 0x0000024272ccf100, 0x0000024272ccf5d0,
0x0000024272cd0910, 0x0000024272cd2ac0, 0x0000024275f776c0, 0x0000024275f7c3c0,
0x0000024275f79d40, 0x0000024275f78ed0, 0x0000024275f759e0, 0x0000024275f793a0,
0x0000024275f76d20, 0x0000024275f7b080, 0x0000024275f78060, 0x0000024275f77b90,
0x0000024275f78530, 0x0000024275f76850, 0x0000024275f78a00, 0x0000024275f7a210,
0x0000024275f79870, 0x0000024275f7a6e0, 0x0000024275f76380, 0x0000024275f7abb0,
0x00000242743d55c0, 0x00000242743d1260
}

Java Threads: ( => current thread )
  0x00000242091c5810 JavaThread "main" [_thread_blocked, id=13976, stack(0x0000008402900000,0x0000008402a00000)]
  0x000002422bfcc470 JavaThread "Reference Handler" daemon [_thread_blocked, id=13760, stack(0x0000008403000000,0x0000008403100000)]
  0x000002422bfcf960 JavaThread "Finalizer" daemon [_thread_blocked, id=12820, stack(0x0000008403100000,0x0000008403200000)]
  0x000002422bfe12d0 JavaThread "Signal Dispatcher" daemon [_thread_blocked, id=1252, stack(0x0000008403200000,0x0000008403300000)]
  0x000002422bfe3da0 JavaThread "Attach Listener" daemon [_thread_blocked, id=3472, stack(0x0000008403300000,0x0000008403400000)]
  0x000002422bfe8780 JavaThread "Service Thread" daemon [_thread_blocked, id=11420, stack(0x0000008403400000,0x0000008403500000)]
  0x000002422bfe9040 JavaThread "Monitor Deflation Thread" daemon [_thread_blocked, id=12744, stack(0x0000008403500000,0x0000008403600000)]
  0x000002422bfe9ce0 JavaThread "C2 CompilerThread0" daemon [_thread_blocked, id=5072, stack(0x0000008403600000,0x0000008403700000)]
  0x000002422bfea690 JavaThread "C1 CompilerThread0" daemon [_thread_blocked, id=10516, stack(0x0000008403700000,0x0000008403800000)]
  0x000002422bfecfa0 JavaThread "Sweeper thread" daemon [_thread_blocked, id=11584, stack(0x0000008403800000,0x0000008403900000)]
  0x000002422c22b7a0 JavaThread "Common-Cleaner" daemon [_thread_blocked, id=10832, stack(0x0000008403900000,0x0000008403a00000)]
  0x000002422c2304a0 JavaThread "Notification Thread" daemon [_thread_blocked, id=12732, stack(0x0000008403a00000,0x0000008403b00000)]
  0x0000024272ee96a0 JavaThread "Daemon health stats" [_thread_blocked, id=9688, stack(0x0000008404100000,0x0000008404200000)]
  0x0000024272a8e790 JavaThread "Incoming local TCP Connector on port 51988" [_thread_in_native, id=10144, stack(0x0000008404200000,0x0000008404300000)]
  0x000002427350fbe0 JavaThread "Daemon periodic checks" [_thread_blocked, id=7080, stack(0x0000008404300000,0x0000008404400000)]
  0x00000242731aa7f0 JavaThread "Daemon" [_thread_blocked, id=5648, stack(0x0000008404400000,0x0000008404500000)]
  0x00000242734e4830 JavaThread "Handler for socket connection from /127.0.0.1:51988 to /127.0.0.1:51989" [_thread_in_native, id=7588, stack(0x0000008404500000,0x0000008404600000)]
  0x00000242725ab200 JavaThread "Cancel handler" [_thread_blocked, id=9876, stack(0x0000008404600000,0x0000008404700000)]
  0x000002427276d620 JavaThread "Daemon worker" [_thread_blocked, id=8756, stack(0x0000008404000000,0x0000008404100000)]
  0x0000024273581210 JavaThread "Asynchronous log dispatcher for DefaultDaemonConnection: socket connection from /127.0.0.1:51988 to /127.0.0.1:51989" [_thread_blocked, id=1032, stack(0x0000008404700000,0x0000008404800000)]
  0x00000242728543b0 JavaThread "Stdin handler" [_thread_blocked, id=3524, stack(0x0000008404800000,0x0000008404900000)]
  0x0000024272853540 JavaThread "Daemon client event forwarder" [_thread_blocked, id=3504, stack(0x0000008404900000,0x0000008404a00000)]
  0x0000024272856090 JavaThread "Cache worker for journal cache (C:\Users\saida\.gradle\caches\journal-1)" [_thread_blocked, id=9780, stack(0x0000008404a00000,0x0000008404b00000)]
  0x0000024272855220 JavaThread "File lock request listener" [_thread_in_native, id=9776, stack(0x0000008404b00000,0x0000008404c00000)]
  0x0000024272853a10 JavaThread "Cache worker for file hash cache (C:\Users\saida\.gradle\caches\7.5\fileHashes)" [_thread_blocked, id=6652, stack(0x0000008404c00000,0x0000008404d00000)]
  0x00000242728556f0 JavaThread "File watcher server" daemon [_thread_in_native, id=9444, stack(0x0000008405100000,0x0000008405200000)]
  0x0000024272854880 JavaThread "File watcher consumer" daemon [_thread_blocked, id=12592, stack(0x0000008405200000,0x0000008405300000)]
  0x0000024272854d50 JavaThread "Cache worker for checksums cache (D:\Downloads Saida\APPP-master (1)\AwesomeProject\android\.gradle\7.5\checksums)" [_thread_blocked, id=4428, stack(0x0000008405300000,0x0000008405400000)]
  0x0000024272855bc0 JavaThread "Cache worker for cache directory md-rule (C:\Users\saida\.gradle\caches\7.5\md-rule)" [_thread_blocked, id=13920, stack(0x0000008405400000,0x0000008405500000)]
  0x0000024272856560 JavaThread "Cache worker for file content cache (C:\Users\saida\.gradle\caches\7.5\fileContent)" [_thread_blocked, id=10752, stack(0x0000008405500000,0x0000008405600000)]
  0x0000024272856f00 JavaThread "Cache worker for file hash cache (D:\Downloads Saida\APPP-master (1)\AwesomeProject\android\.gradle\7.5\fileHashes)" [_thread_blocked, id=11696, stack(0x0000008405600000,0x0000008405700000)]
  0x0000024272853ee0 JavaThread "Cache worker for cache directory md-supplier (C:\Users\saida\.gradle\caches\7.5\md-supplier)" [_thread_blocked, id=14096, stack(0x0000008405700000,0x0000008405800000)]
  0x00000242728aebe0 JavaThread "Cache worker for execution history cache (C:\Users\saida\.gradle\caches\7.5\executionHistory)" [_thread_blocked, id=1304, stack(0x0000008405900000,0x0000008405a00000)]
  0x00000242728aad50 JavaThread "jar transforms" [_thread_blocked, id=13588, stack(0x0000008405a00000,0x0000008405b00000)]
  0x00000242728a9540 JavaThread "jar transforms Thread 2" [_thread_blocked, id=13036, stack(0x0000008405b00000,0x0000008405c00000)]
  0x00000242728af580 JavaThread "jar transforms Thread 3" [_thread_blocked, id=9056, stack(0x0000008405c00000,0x0000008405d00000)]
  0x00000242728ab220 JavaThread "jar transforms Thread 4" [_thread_blocked, id=12228, stack(0x0000008405d00000,0x0000008405e00000)]
  0x00000242728aa3b0 JavaThread "File lock release action executor" [_thread_blocked, id=14640, stack(0x0000008404d00000,0x0000008404e00000)]
  0x00000242728a86d0 JavaThread "Cache worker for kotlin-dsl (C:\Users\saida\.gradle\caches\7.5\kotlin-dsl)" [_thread_blocked, id=14844, stack(0x0000008405e00000,0x0000008405f00000)]
  0x00000242728a8ba0 JavaThread "jar transforms Thread 5" [_thread_blocked, id=14856, stack(0x0000008405f00000,0x0000008406000000)]
  0x00000242728a9070 JavaThread "jar transforms Thread 6" [_thread_blocked, id=14916, stack(0x0000008406000000,0x0000008406100000)]
  0x00000242728a9ee0 JavaThread "Cache worker for dependencies-accessors (D:\Downloads Saida\APPP-master (1)\AwesomeProject\android\.gradle\7.5\dependencies-accessors)" [_thread_blocked, id=14924, stack(0x0000008406100000,0x0000008406200000)]
  0x00000242728ab6f0 JavaThread "Cache worker for Build Output Cleanup Cache (D:\Downloads Saida\APPP-master (1)\AwesomeProject\node_modules\@react-native\gradle-plugin\.gradle\buildOutputCleanup)" [_thread_blocked, id=15012, stack(0x0000008406200000,0x0000008406300000)]
  0x00000242728ac560 JavaThread "jar transforms Thread 7" [_thread_blocked, id=15016, stack(0x0000008406300000,0x0000008406400000)]
  0x00000242728ad3d0 JavaThread "Unconstrained build operations" [_thread_blocked, id=15032, stack(0x0000008406400000,0x0000008406500000)]
  0x00000242728ad8a0 JavaThread "Unconstrained build operations Thread 2" [_thread_blocked, id=15036, stack(0x0000008406500000,0x0000008406600000)]
  0x00000242728add70 JavaThread "Unconstrained build operations Thread 3" [_thread_blocked, id=15040, stack(0x0000008406600000,0x0000008406700000)]
  0x00000242728ae240 JavaThread "Unconstrained build operations Thread 4" [_thread_blocked, id=15044, stack(0x0000008406700000,0x0000008406800000)]
  0x0000024273b50ed0 JavaThread "Unconstrained build operations Thread 5" [_thread_blocked, id=15048, stack(0x0000008406800000,0x0000008406900000)]
  0x0000024273b513a0 JavaThread "Unconstrained build operations Thread 6" [_thread_blocked, id=15052, stack(0x0000008406900000,0x0000008406a00000)]
  0x0000024273b56570 JavaThread "Unconstrained build operations Thread 7" [_thread_blocked, id=15056, stack(0x0000008406a00000,0x0000008406b00000)]
  0x0000024273b55700 JavaThread "Unconstrained build operations Thread 8" [_thread_blocked, id=15060, stack(0x0000008406b00000,0x0000008406c00000)]
  0x0000024273b56f10 JavaThread "Unconstrained build operations Thread 9" [_thread_blocked, id=15064, stack(0x0000008406c00000,0x0000008406d00000)]
  0x0000024273b50a00 JavaThread "Unconstrained build operations Thread 10" [_thread_blocked, id=15068, stack(0x0000008406d00000,0x0000008406e00000)]
  0x0000024273b53080 JavaThread "Unconstrained build operations Thread 11" [_thread_blocked, id=15072, stack(0x0000008406e00000,0x0000008406f00000)]
  0x0000024273b55bd0 JavaThread "Unconstrained build operations Thread 12" [_thread_blocked, id=15076, stack(0x0000008406f00000,0x0000008407000000)]
  0x0000024273b56a40 JavaThread "Unconstrained build operations Thread 13" [_thread_blocked, id=15080, stack(0x0000008407000000,0x0000008407100000)]
  0x0000024273b4f6c0 JavaThread "Unconstrained build operations Thread 14" [_thread_blocked, id=15084, stack(0x0000008407100000,0x0000008407200000)]
  0x0000024273b543c0 JavaThread "Unconstrained build operations Thread 15" [_thread_blocked, id=15088, stack(0x0000008407200000,0x0000008407300000)]
  0x0000024273b51870 JavaThread "Unconstrained build operations Thread 16" [_thread_blocked, id=15092, stack(0x0000008407300000,0x0000008407400000)]
  0x0000024273b52210 JavaThread "Unconstrained build operations Thread 17" [_thread_blocked, id=15096, stack(0x0000008407400000,0x0000008407500000)]
  0x0000024273b54890 JavaThread "Unconstrained build operations Thread 18" [_thread_blocked, id=15100, stack(0x0000008407500000,0x0000008407600000)]
  0x0000024273b4fb90 JavaThread "Unconstrained build operations Thread 19" [_thread_blocked, id=15104, stack(0x0000008407600000,0x0000008407700000)]
  0x0000024273b53ef0 JavaThread "Unconstrained build operations Thread 20" [_thread_blocked, id=15108, stack(0x0000008407700000,0x0000008407800000)]
  0x0000024273b54d60 JavaThread "Unconstrained build operations Thread 21" [_thread_blocked, id=15112, stack(0x0000008407800000,0x0000008407900000)]
  0x0000024273b560a0 JavaThread "Unconstrained build operations Thread 22" [_thread_blocked, id=15116, stack(0x0000008407900000,0x0000008407a00000)]
  0x0000024273b50060 JavaThread "Unconstrained build operations Thread 23" [_thread_blocked, id=15120, stack(0x0000008407a00000,0x0000008407b00000)]
  0x0000024273b50530 JavaThread "Unconstrained build operations Thread 24" [_thread_blocked, id=15124, stack(0x0000008407b00000,0x0000008407c00000)]
  0x0000024273b55230 JavaThread "Unconstrained build operations Thread 25" [_thread_blocked, id=15128, stack(0x0000008407c00000,0x0000008407d00000)]
  0x0000024273b51d40 JavaThread "Unconstrained build operations Thread 26" [_thread_blocked, id=15132, stack(0x0000008407d00000,0x0000008407e00000)]
  0x0000024273b526e0 JavaThread "jar transforms Thread 8" [_thread_blocked, id=15140, stack(0x0000008407e00000,0x0000008407f00000)]
  0x0000024273b52bb0 JavaThread "Memory manager" [_thread_blocked, id=15156, stack(0x0000008407f00000,0x0000008408000000)]
  0x0000024273b53a20 JavaThread "Cache worker for Build Output Cleanup Cache (D:\Downloads Saida\APPP-master (1)\AwesomeProject\android\.gradle\buildOutputCleanup)" [_thread_blocked, id=15160, stack(0x0000008408000000,0x0000008408100000)]
  0x0000024273bc3580 JavaThread "included builds" [_thread_blocked, id=15164, stack(0x0000008408100000,0x0000008408200000)]
  0x0000024273bc48c0 JavaThread "Execution worker" [_thread_blocked, id=15168, stack(0x0000008408200000,0x0000008408300000)]
  0x0000024273bc30b0 JavaThread "Execution worker Thread 2" [_thread_blocked, id=15172, stack(0x0000008408300000,0x0000008408400000)]
  0x0000024273bc0560 JavaThread "Execution worker Thread 3" [_thread_blocked, id=15176, stack(0x0000008408400000,0x0000008408500000)]
  0x0000024273bc65a0 JavaThread "Execution worker Thread 4" [_thread_blocked, id=15180, stack(0x0000008408500000,0x0000008408600000)]
  0x0000024273bc13d0 JavaThread "Execution worker Thread 5" [_thread_blocked, id=15184, stack(0x0000008408600000,0x0000008408700000)]
  0x0000024273bc3a50 JavaThread "Execution worker Thread 6" [_thread_blocked, id=15188, stack(0x0000008408700000,0x0000008408800000)]
  0x0000024273bc5730 JavaThread "Execution worker Thread 7" [_thread_blocked, id=15192, stack(0x0000008408800000,0x0000008408900000)]
  0x0000024273bbf220 JavaThread "Cache worker for execution history cache (D:\Downloads Saida\APPP-master (1)\AwesomeProject\node_modules\@react-native\gradle-plugin\.gradle\7.5\executionHistory)" [_thread_blocked, id=15196, stack(0x0000008408900000,0x0000008408a00000)]
  0x0000024273bc3f20 JavaThread "Unconstrained build operations Thread 27" [_thread_blocked, id=15220, stack(0x0000008408a00000,0x0000008408b00000)]
  0x0000024273bc5c00 JavaThread "Unconstrained build operations Thread 28" [_thread_blocked, id=15224, stack(0x0000008408b00000,0x0000008408c00000)]
  0x0000024273bc0a30 JavaThread "Unconstrained build operations Thread 29" [_thread_blocked, id=15228, stack(0x0000008408c00000,0x0000008408d00000)]
  0x0000024273bc43f0 JavaThread "Unconstrained build operations Thread 30" [_thread_blocked, id=15232, stack(0x0000008408d00000,0x0000008408e00000)]
  0x0000024273bc4d90 JavaThread "Unconstrained build operations Thread 31" [_thread_blocked, id=15236, stack(0x0000008408e00000,0x0000008408f00000)]
  0x0000024273bc60d0 JavaThread "Unconstrained build operations Thread 32" [_thread_blocked, id=15240, stack(0x0000008408f00000,0x0000008409000000)]
  0x0000024273bc2240 JavaThread "Unconstrained build operations Thread 33" [_thread_blocked, id=15244, stack(0x0000008409000000,0x0000008409100000)]
  0x0000024273bc2710 JavaThread "Unconstrained build operations Thread 34" [_thread_blocked, id=15248, stack(0x0000008409100000,0x0000008409200000)]
  0x0000024273bc1d70 JavaThread "Unconstrained build operations Thread 35" [_thread_blocked, id=15252, stack(0x0000008409200000,0x0000008409300000)]
  0x0000024273bc0f00 JavaThread "Unconstrained build operations Thread 36" [_thread_blocked, id=15256, stack(0x0000008409300000,0x0000008409400000)]
  0x0000024273bbf6f0 JavaThread "Unconstrained build operations Thread 37" [_thread_blocked, id=15260, stack(0x0000008409400000,0x0000008409500000)]
  0x0000024273bc5260 JavaThread "Unconstrained build operations Thread 38" [_thread_blocked, id=15264, stack(0x0000008409500000,0x0000008409600000)]
  0x0000024273bc6a70 JavaThread "Unconstrained build operations Thread 39" [_thread_blocked, id=15268, stack(0x0000008409600000,0x0000008409700000)]
  0x0000024273bc2be0 JavaThread "Unconstrained build operations Thread 40" [_thread_blocked, id=15272, stack(0x0000008409700000,0x0000008409800000)]
  0x0000024273bbfbc0 JavaThread "Unconstrained build operations Thread 41" [_thread_blocked, id=15276, stack(0x0000008409800000,0x0000008409900000)]
  0x0000024272cd3460 JavaThread "Unconstrained build operations Thread 42" [_thread_blocked, id=15280, stack(0x0000008409900000,0x0000008409a00000)]
  0x0000024272cd2f90 JavaThread "Unconstrained build operations Thread 43" [_thread_blocked, id=15284, stack(0x0000008409a00000,0x0000008409b00000)]
  0x0000024272cd3930 JavaThread "Unconstrained build operations Thread 44" [_thread_blocked, id=15288, stack(0x0000008409b00000,0x0000008409c00000)]
  0x0000024272cd12b0 JavaThread "Unconstrained build operations Thread 45" [_thread_blocked, id=15292, stack(0x0000008409c00000,0x0000008409d00000)]
  0x0000024272ccc0e0 JavaThread "Unconstrained build operations Thread 46" [_thread_blocked, id=15296, stack(0x0000008409d00000,0x0000008409e00000)]
  0x0000024272cd1780 JavaThread "Unconstrained build operations Thread 47" [_thread_blocked, id=15300, stack(0x0000008409e00000,0x0000008409f00000)]
  0x0000024272ccca80 JavaThread "Unconstrained build operations Thread 48" [_thread_blocked, id=15304, stack(0x0000008409f00000,0x000000840a000000)]
  0x0000024272ccfaa0 JavaThread "Unconstrained build operations Thread 49" [_thread_blocked, id=15308, stack(0x000000840a000000,0x000000840a100000)]
  0x0000024272cd1c50 JavaThread "Unconstrained build operations Thread 50" [_thread_blocked, id=15312, stack(0x000000840a100000,0x000000840a200000)]
  0x0000024272ccff70 JavaThread "Unconstrained build operations Thread 51" [_thread_blocked, id=15316, stack(0x000000840a200000,0x000000840a300000)]
  0x0000024272ccddc0 JavaThread "Unconstrained build operations Thread 52" [_thread_blocked, id=15328, stack(0x000000840a300000,0x000000840a400000)]
  0x0000024272cd2120 JavaThread "Unconstrained build operations Thread 53" [_thread_blocked, id=14712, stack(0x000000840a400000,0x000000840a500000)]
  0x0000024272cce290 JavaThread "Unconstrained build operations Thread 54" [_thread_blocked, id=14728, stack(0x000000840a500000,0x000000840a600000)]
  0x0000024272cd25f0 JavaThread "Unconstrained build operations Thread 55" [_thread_blocked, id=14736, stack(0x000000840a600000,0x000000840a700000)]
  0x0000024272cce760 JavaThread "Unconstrained build operations Thread 56" [_thread_blocked, id=14740, stack(0x000000840a700000,0x000000840a800000)]
  0x0000024272cd0de0 JavaThread "Unconstrained build operations Thread 57" [_thread_blocked, id=14744, stack(0x000000840a800000,0x000000840a900000)]
  0x0000024272cd0440 JavaThread "Unconstrained build operations Thread 58" [_thread_blocked, id=14748, stack(0x000000840a900000,0x000000840aa00000)]
  0x0000024272ccf100 JavaThread "Unconstrained build operations Thread 59" [_thread_blocked, id=14732, stack(0x000000840aa00000,0x000000840ab00000)]
  0x0000024272ccf5d0 JavaThread "Unconstrained build operations Thread 60" [_thread_blocked, id=14724, stack(0x000000840ab00000,0x000000840ac00000)]
  0x0000024272cd0910 JavaThread "Unconstrained build operations Thread 61" [_thread_blocked, id=14720, stack(0x000000840ac00000,0x000000840ad00000)]
  0x0000024272cd2ac0 JavaThread "Unconstrained build operations Thread 62" [_thread_blocked, id=14716, stack(0x000000840ad00000,0x000000840ae00000)]
  0x0000024275f776c0 JavaThread "Unconstrained build operations Thread 63" [_thread_blocked, id=14708, stack(0x000000840ae00000,0x000000840af00000)]
  0x0000024275f7c3c0 JavaThread "Unconstrained build operations Thread 64" [_thread_blocked, id=14704, stack(0x000000840af00000,0x000000840b000000)]
  0x0000024275f79d40 JavaThread "Unconstrained build operations Thread 65" [_thread_blocked, id=14688, stack(0x000000840b000000,0x000000840b100000)]
  0x0000024275f78ed0 JavaThread "Unconstrained build operations Thread 66" [_thread_blocked, id=14696, stack(0x000000840b100000,0x000000840b200000)]
  0x0000024275f759e0 JavaThread "Unconstrained build operations Thread 67" [_thread_blocked, id=14700, stack(0x000000840b200000,0x000000840b300000)]
  0x0000024275f793a0 JavaThread "Unconstrained build operations Thread 68" [_thread_blocked, id=14664, stack(0x000000840b300000,0x000000840b400000)]
  0x0000024275f76d20 JavaThread "Unconstrained build operations Thread 69" [_thread_blocked, id=14692, stack(0x000000840b400000,0x000000840b500000)]
  0x0000024275f7b080 JavaThread "Unconstrained build operations Thread 70" [_thread_blocked, id=14668, stack(0x000000840b500000,0x000000840b600000)]
  0x0000024275f78060 JavaThread "Unconstrained build operations Thread 71" [_thread_blocked, id=14772, stack(0x000000840b600000,0x000000840b700000)]
  0x0000024275f77b90 JavaThread "Unconstrained build operations Thread 72" [_thread_blocked, id=14776, stack(0x000000840b700000,0x000000840b800000)]
  0x0000024275f78530 JavaThread "Unconstrained build operations Thread 73" [_thread_blocked, id=14780, stack(0x000000840b800000,0x000000840b900000)]
  0x0000024275f76850 JavaThread "Unconstrained build operations Thread 74" [_thread_blocked, id=14768, stack(0x000000840b900000,0x000000840ba00000)]
  0x0000024275f78a00 JavaThread "Unconstrained build operations Thread 75" [_thread_blocked, id=9604, stack(0x000000840ba00000,0x000000840bb00000)]
  0x0000024275f7a210 JavaThread "Unconstrained build operations Thread 76" [_thread_blocked, id=9744, stack(0x000000840bb00000,0x000000840bc00000)]
  0x0000024275f79870 JavaThread "Unconstrained build operations Thread 77" [_thread_blocked, id=9736, stack(0x000000840bc00000,0x000000840bd00000)]
  0x0000024275f7a6e0 JavaThread "Unconstrained build operations Thread 78" [_thread_blocked, id=9748, stack(0x000000840bd00000,0x000000840be00000)]
  0x0000024275f76380 JavaThread "Unconstrained build operations Thread 79" [_thread_blocked, id=9756, stack(0x000000840be00000,0x000000840bf00000)]
  0x0000024275f7abb0 JavaThread "Unconstrained build operations Thread 80" [_thread_blocked, id=9740, stack(0x000000840bf00000,0x000000840c000000)]
  0x00000242743d55c0 JavaThread "build event listener" [_thread_blocked, id=16324, stack(0x000000840c100000,0x000000840c200000)]
  0x00000242743d1260 JavaThread "Cache worker for execution history cache (D:\Downloads Saida\APPP-master (1)\AwesomeProject\android\.gradle\7.5\executionHistory)" [_thread_blocked, id=16328, stack(0x000000840c200000,0x000000840c300000)]

Other Threads:
=>0x000002422bfc4a50 VMThread "VM Thread" [stack: 0x0000008402f00000,0x0000008403000000] [id=5568]
  0x000002422c229470 WatcherThread [stack: 0x0000008403b00000,0x0000008403c00000] [id=9188]
  0x00000242092305e0 GCTaskThread "GC Thread#0" [stack: 0x0000008402a00000,0x0000008402b00000] [id=12304]
  0x000002422cc74b60 GCTaskThread "GC Thread#1" [stack: 0x0000008403c00000,0x0000008403d00000] [id=9668]
  0x000002422c4401e0 GCTaskThread "GC Thread#2" [stack: 0x0000008403d00000,0x0000008403e00000] [id=10212]
  0x000002422ca7d060 GCTaskThread "GC Thread#3" [stack: 0x0000008403e00000,0x0000008403f00000] [id=13904]
  0x000002427215d460 GCTaskThread "GC Thread#4" [stack: 0x0000008403f00000,0x0000008404000000] [id=1916]
  0x00000242736262f0 GCTaskThread "GC Thread#5" [stack: 0x0000008404e00000,0x0000008404f00000] [id=4340]
  0x0000024273f9bf00 GCTaskThread "GC Thread#6" [stack: 0x0000008404f00000,0x0000008405000000] [id=9800]
  0x0000024273f9c9c0 GCTaskThread "GC Thread#7" [stack: 0x0000008405000000,0x0000008405100000] [id=12176]
  0x0000024209241430 ConcurrentGCThread "G1 Main Marker" [stack: 0x0000008402b00000,0x0000008402c00000] [id=11816]
  0x0000024209242d60 ConcurrentGCThread "G1 Conc#0" [stack: 0x0000008402c00000,0x0000008402d00000] [id=13436]
  0x0000024273f9c460 ConcurrentGCThread "G1 Conc#1" [stack: 0x0000008405800000,0x0000008405900000] [id=12660]
  0x000002420928cad0 ConcurrentGCThread "G1 Refine#0" [stack: 0x0000008402d00000,0x0000008402e00000] [id=10700]
  0x000002420928d400 ConcurrentGCThread "G1 Service" [stack: 0x0000008402e00000,0x0000008402f00000] [id=11516]

Threads with active compile tasks:
C2 CompilerThread0    49556 14514       4       java.util.WeakHashMap::get (75 bytes)
C1 CompilerThread0    49556 14521   !   3       jdk.internal.reflect.GeneratedMethodAccessor17::invoke (66 bytes)

VM state: at safepoint (normal execution)

VM Mutex/Monitor currently owned by a thread:  ([mutex/lock_event])
[0x00000242091c1c50] Threads_lock - owner thread: 0x000002422bfc4a50
[0x00000242091c0930] Heap_lock - owner thread: 0x0000024273bc48c0

Heap address: 0x0000000700000000, size: 4096 MB, Compressed Oops mode: Zero based, Oop shift amount: 3

CDS archive(s) mapped at: [0x000002422d000000-0x000002422dbd0000-0x000002422dbd0000), size 12386304, SharedBaseAddress: 0x000002422d000000, ArchiveRelocationMode: 1.
Compressed class space mapped at: 0x000002422e000000-0x000002426e000000, reserved size: 1073741824
Narrow klass base: 0x000002422d000000, Narrow klass shift: 0, Narrow klass range: 0x100000000

GC Precious Log:
 CPUs: 8 total, 8 available
 Memory: 7847M
 Large Page Support: Disabled
 NUMA Support: Disabled
 Compressed Oops: Enabled (Zero based)
 Heap Region Size: 2M
 Heap Min Capacity: 8M
 Heap Initial Capacity: 124M
 Heap Max Capacity: 4G
 Pre-touch: Disabled
 Parallel Workers: 8
 Concurrent Workers: 2
 Concurrent Refinement Workers: 8
 Periodic GC: Disabled

Heap:
 garbage-first heap   total 317440K, used 214601K [0x0000000700000000, 0x0000000800000000)
  region size 2048K, 3 young (6144K), 3 survivors (6144K)
 Metaspace       used 97228K, committed 98752K, reserved 1179648K
  class space    used 13595K, committed 14272K, reserved 1048576K

Heap Regions: E=young(eden), S=young(survivor), O=old, HS=humongous(starts), HC=humongous(continues), CS=collection set, F=free, OA=open archive, CA=closed archive, TAMS=top-at-mark-start (previous, next)
|   0|0x0000000700000000, 0x0000000700200000, 0x0000000700200000|100%| O|  |TAMS 0x0000000700200000, 0x0000000700000000| Untracked 
|   1|0x0000000700200000, 0x0000000700400000, 0x0000000700400000|100%| O|  |TAMS 0x0000000700400000, 0x0000000700200000| Untracked 
|   2|0x0000000700400000, 0x0000000700600000, 0x0000000700600000|100%|HS|  |TAMS 0x0000000700600000, 0x0000000700400000| Complete 
|   3|0x0000000700600000, 0x0000000700800000, 0x0000000700800000|100%|HC|  |TAMS 0x0000000700800000, 0x0000000700600000| Complete 
|   4|0x0000000700800000, 0x0000000700a00000, 0x0000000700a00000|100%| O|  |TAMS 0x0000000700a00000, 0x0000000700800000| Untracked 
|   5|0x0000000700a00000, 0x0000000700c00000, 0x0000000700c00000|100%| O|  |TAMS 0x0000000700c00000, 0x0000000700a00000| Untracked 
|   6|0x0000000700c00000, 0x0000000700e00000, 0x0000000700e00000|100%| O|  |TAMS 0x0000000700e00000, 0x0000000700c00000| Untracked 
|   7|0x0000000700e00000, 0x0000000701000000, 0x0000000701000000|100%| O|  |TAMS 0x0000000701000000, 0x0000000700e00000| Untracked 
|   8|0x0000000701000000, 0x0000000701200000, 0x0000000701200000|100%| O|  |TAMS 0x0000000701200000, 0x0000000701000000| Untracked 
|   9|0x0000000701200000, 0x00000007013b4c00, 0x0000000701400000| 85%| O|  |TAMS 0x00000007013b4c00, 0x0000000701200000| Untracked 
|  10|0x0000000701400000, 0x0000000701600000, 0x0000000701600000|100%| O|  |TAMS 0x0000000701600000, 0x0000000701400000| Untracked 
|  11|0x0000000701600000, 0x0000000701800000, 0x0000000701800000|100%| O|  |TAMS 0x0000000701800000, 0x0000000701600000| Untracked 
|  12|0x0000000701800000, 0x0000000701a00000, 0x0000000701a00000|100%| O|  |TAMS 0x0000000701a00000, 0x0000000701800000| Untracked 
|  13|0x0000000701a00000, 0x0000000701c00000, 0x0000000701c00000|100%| O|  |TAMS 0x0000000701c00000, 0x0000000701a00000| Untracked 
|  14|0x0000000701c00000, 0x0000000701e00000, 0x0000000701e00000|100%| O|  |TAMS 0x0000000701e00000, 0x0000000701c00000| Untracked 
|  15|0x0000000701e00000, 0x0000000702000000, 0x0000000702000000|100%|HS|  |TAMS 0x0000000702000000, 0x0000000701e00000| Complete 
|  16|0x0000000702000000, 0x0000000702200000, 0x0000000702200000|100%|HS|  |TAMS 0x0000000702200000, 0x0000000702000000| Complete 
|  17|0x0000000702200000, 0x0000000702400000, 0x0000000702400000|100%|HC|  |TAMS 0x0000000702400000, 0x0000000702200000| Complete 
|  18|0x0000000702400000, 0x0000000702600000, 0x0000000702600000|100%| O|  |TAMS 0x0000000702600000, 0x0000000702400000| Untracked 
|  19|0x0000000702600000, 0x0000000702800000, 0x0000000702800000|100%| O|  |TAMS 0x0000000702800000, 0x0000000702600000| Untracked 
|  20|0x0000000702800000, 0x0000000702a00000, 0x0000000702a00000|100%| O|  |TAMS 0x0000000702a00000, 0x0000000702800000| Untracked 
|  21|0x0000000702a00000, 0x0000000702c00000, 0x0000000702c00000|100%| O|  |TAMS 0x0000000702c00000, 0x0000000702a00000| Untracked 
|  22|0x0000000702c00000, 0x0000000702e00000, 0x0000000702e00000|100%| O|  |TAMS 0x0000000702e00000, 0x0000000702c00000| Untracked 
|  23|0x0000000702e00000, 0x0000000703000000, 0x0000000703000000|100%| O|  |TAMS 0x0000000703000000, 0x0000000702e00000| Untracked 
|  24|0x0000000703000000, 0x0000000703200000, 0x0000000703200000|100%| O|  |TAMS 0x0000000703200000, 0x0000000703000000| Untracked 
|  25|0x0000000703200000, 0x0000000703400000, 0x0000000703400000|100%| O|  |TAMS 0x0000000703400000, 0x0000000703200000| Untracked 
|  26|0x0000000703400000, 0x0000000703600000, 0x0000000703600000|100%| O|  |TAMS 0x0000000703600000, 0x0000000703400000| Untracked 
|  27|0x0000000703600000, 0x0000000703800000, 0x0000000703800000|100%| O|  |TAMS 0x0000000703800000, 0x0000000703600000| Untracked 
|  28|0x0000000703800000, 0x0000000703a00000, 0x0000000703a00000|100%| O|  |TAMS 0x0000000703a00000, 0x0000000703800000| Untracked 
|  29|0x0000000703a00000, 0x0000000703c00000, 0x0000000703c00000|100%| O|  |TAMS 0x0000000703c00000, 0x0000000703a00000| Untracked 
|  30|0x0000000703c00000, 0x0000000703e00000, 0x0000000703e00000|100%| O|  |TAMS 0x0000000703e00000, 0x0000000703c00000| Untracked 
|  31|0x0000000703e00000, 0x0000000704000000, 0x0000000704000000|100%| O|  |TAMS 0x0000000704000000, 0x0000000703e00000| Untracked 
|  32|0x0000000704000000, 0x0000000704200000, 0x0000000704200000|100%| O|  |TAMS 0x0000000704200000, 0x0000000704000000| Untracked 
|  33|0x0000000704200000, 0x0000000704400000, 0x0000000704400000|100%| O|  |TAMS 0x0000000704400000, 0x0000000704200000| Untracked 
|  34|0x0000000704400000, 0x0000000704600000, 0x0000000704600000|100%|HS|  |TAMS 0x0000000704600000, 0x0000000704400000| Complete 
|  35|0x0000000704600000, 0x0000000704800000, 0x0000000704800000|100%| O|  |TAMS 0x0000000704800000, 0x0000000704600000| Untracked 
|  36|0x0000000704800000, 0x0000000704a00000, 0x0000000704a00000|100%| O|  |TAMS 0x0000000704a00000, 0x0000000704800000| Untracked 
|  37|0x0000000704a00000, 0x0000000704c00000, 0x0000000704c00000|100%| O|  |TAMS 0x0000000704c00000, 0x0000000704a00000| Untracked 
|  38|0x0000000704c00000, 0x0000000704e00000, 0x0000000704e00000|100%| O|  |TAMS 0x0000000704e00000, 0x0000000704c00000| Untracked 
|  39|0x0000000704e00000, 0x0000000705000000, 0x0000000705000000|100%| O|  |TAMS 0x0000000705000000, 0x0000000704e00000| Untracked 
|  40|0x0000000705000000, 0x0000000705200000, 0x0000000705200000|100%| O|  |TAMS 0x0000000705200000, 0x0000000705000000| Untracked 
|  41|0x0000000705200000, 0x0000000705400000, 0x0000000705400000|100%| O|  |TAMS 0x0000000705400000, 0x0000000705200000| Untracked 
|  42|0x0000000705400000, 0x0000000705600000, 0x0000000705600000|100%| O|  |TAMS 0x0000000705600000, 0x0000000705400000| Untracked 
|  43|0x0000000705600000, 0x0000000705800000, 0x0000000705800000|100%| O|  |TAMS 0x0000000705800000, 0x0000000705600000| Untracked 
|  44|0x0000000705800000, 0x0000000705a00000, 0x0000000705a00000|100%| O|  |TAMS 0x0000000705a00000, 0x0000000705800000| Untracked 
|  45|0x0000000705a00000, 0x0000000705c00000, 0x0000000705c00000|100%|HS|  |TAMS 0x0000000705c00000, 0x0000000705a00000| Complete 
|  46|0x0000000705c00000, 0x0000000705e00000, 0x0000000705e00000|100%|HS|  |TAMS 0x0000000705e00000, 0x0000000705c00000| Complete 
|  47|0x0000000705e00000, 0x0000000706000000, 0x0000000706000000|100%|HC|  |TAMS 0x0000000706000000, 0x0000000705e00000| Complete 
|  48|0x0000000706000000, 0x0000000706200000, 0x0000000706200000|100%|HS|  |TAMS 0x0000000706200000, 0x0000000706000000| Complete 
|  49|0x0000000706200000, 0x0000000706400000, 0x0000000706400000|100%|HC|  |TAMS 0x0000000706400000, 0x0000000706200000| Complete 
|  50|0x0000000706400000, 0x0000000706600000, 0x0000000706600000|100%|HS|  |TAMS 0x0000000706600000, 0x0000000706400000| Complete 
|  51|0x0000000706600000, 0x0000000706800000, 0x0000000706800000|100%| O|  |TAMS 0x0000000706800000, 0x0000000706600000| Untracked 
|  52|0x0000000706800000, 0x0000000706a00000, 0x0000000706a00000|100%| O|  |TAMS 0x0000000706a00000, 0x0000000706800000| Untracked 
|  53|0x0000000706a00000, 0x0000000706c00000, 0x0000000706c00000|100%|HS|  |TAMS 0x0000000706a00000, 0x0000000706a00000| Complete 
|  54|0x0000000706c00000, 0x0000000706e00000, 0x0000000706e00000|100%|HC|  |TAMS 0x0000000706c00000, 0x0000000706c00000| Complete 
|  55|0x0000000706e00000, 0x0000000707000000, 0x0000000707000000|100%| O|  |TAMS 0x0000000707000000, 0x0000000706e00000| Untracked 
|  56|0x0000000707000000, 0x0000000707200000, 0x0000000707200000|100%| O|  |TAMS 0x0000000707200000, 0x0000000707000000| Untracked 
|  57|0x0000000707200000, 0x0000000707400000, 0x0000000707400000|100%| O|  |TAMS 0x0000000707400000, 0x0000000707200000| Untracked 
|  58|0x0000000707400000, 0x0000000707600000, 0x0000000707600000|100%| O|  |TAMS 0x0000000707600000, 0x0000000707400000| Untracked 
|  59|0x0000000707600000, 0x0000000707800000, 0x0000000707800000|100%|HS|  |TAMS 0x0000000707800000, 0x0000000707600000| Complete 
|  60|0x0000000707800000, 0x0000000707a00000, 0x0000000707a00000|100%|HC|  |TAMS 0x0000000707a00000, 0x0000000707800000| Complete 
|  61|0x0000000707a00000, 0x0000000707c00000, 0x0000000707c00000|100%|HS|  |TAMS 0x0000000707c00000, 0x0000000707a00000| Complete 
|  62|0x0000000707c00000, 0x0000000707e00000, 0x0000000707e00000|100%| O|  |TAMS 0x0000000707e00000, 0x0000000707c00000| Untracked 
|  63|0x0000000707e00000, 0x0000000708000000, 0x0000000708000000|100%| O|  |TAMS 0x0000000708000000, 0x0000000707e00000| Untracked 
|  64|0x0000000708000000, 0x0000000708200000, 0x0000000708200000|100%| O|  |TAMS 0x0000000708200000, 0x0000000708000000| Untracked 
|  65|0x0000000708200000, 0x0000000708400000, 0x0000000708400000|100%| O|  |TAMS 0x0000000708400000, 0x0000000708200000| Untracked 
|  66|0x0000000708400000, 0x0000000708600000, 0x0000000708600000|100%| O|  |TAMS 0x0000000708600000, 0x0000000708400000| Untracked 
|  67|0x0000000708600000, 0x0000000708800000, 0x0000000708800000|100%| O|  |TAMS 0x0000000708800000, 0x0000000708600000| Untracked 
|  68|0x0000000708800000, 0x0000000708a00000, 0x0000000708a00000|100%| O|  |TAMS 0x0000000708a00000, 0x0000000708800000| Untracked 
|  69|0x0000000708a00000, 0x0000000708c00000, 0x0000000708c00000|100%| O|  |TAMS 0x0000000708c00000, 0x0000000708a00000| Untracked 
|  70|0x0000000708c00000, 0x0000000708e00000, 0x0000000708e00000|100%| O|  |TAMS 0x0000000708e00000, 0x0000000708c00000| Untracked 
|  71|0x0000000708e00000, 0x0000000709000000, 0x0000000709000000|100%| O|  |TAMS 0x0000000709000000, 0x0000000708e00000| Untracked 
|  72|0x0000000709000000, 0x0000000709200000, 0x0000000709200000|100%| O|  |TAMS 0x0000000709200000, 0x0000000709000000| Untracked 
|  73|0x0000000709200000, 0x0000000709400000, 0x0000000709400000|100%| O|  |TAMS 0x0000000709400000, 0x0000000709200000| Untracked 
|  74|0x0000000709400000, 0x0000000709600000, 0x0000000709600000|100%| O|  |TAMS 0x0000000709600000, 0x0000000709400000| Untracked 
|  75|0x0000000709600000, 0x0000000709800000, 0x0000000709800000|100%| O|  |TAMS 0x0000000709800000, 0x0000000709600000| Untracked 
|  76|0x0000000709800000, 0x0000000709a00000, 0x0000000709a00000|100%| O|  |TAMS 0x00000007098ff600, 0x0000000709800000| Untracked 
|  77|0x0000000709a00000, 0x0000000709c00000, 0x0000000709c00000|100%|HS|  |TAMS 0x0000000709c00000, 0x0000000709a00000| Complete 
|  78|0x0000000709c00000, 0x0000000709e00000, 0x0000000709e00000|100%|HC|  |TAMS 0x0000000709e00000, 0x0000000709c00000| Complete 
|  79|0x0000000709e00000, 0x000000070a000000, 0x000000070a000000|100%| O|  |TAMS 0x0000000709e00000, 0x0000000709e00000| Untracked 
|  80|0x000000070a000000, 0x000000070a200000, 0x000000070a200000|100%| O|  |TAMS 0x000000070a000000, 0x000000070a000000| Untracked 
|  81|0x000000070a200000, 0x000000070a400000, 0x000000070a400000|100%| O|  |TAMS 0x000000070a200000, 0x000000070a200000| Untracked 
|  82|0x000000070a400000, 0x000000070a600000, 0x000000070a600000|100%| O|  |TAMS 0x000000070a400000, 0x000000070a400000| Untracked 
|  83|0x000000070a600000, 0x000000070a800000, 0x000000070a800000|100%| O|  |TAMS 0x000000070a600000, 0x000000070a600000| Untracked 
|  84|0x000000070a800000, 0x000000070aa00000, 0x000000070aa00000|100%| O|  |TAMS 0x000000070a800000, 0x000000070a800000| Untracked 
|  85|0x000000070aa00000, 0x000000070ac00000, 0x000000070ac00000|100%| O|  |TAMS 0x000000070aa00000, 0x000000070aa00000| Untracked 
|  86|0x000000070ac00000, 0x000000070ae00000, 0x000000070ae00000|100%| O|  |TAMS 0x000000070ac00000, 0x000000070ac00000| Untracked 
|  87|0x000000070ae00000, 0x000000070b000000, 0x000000070b000000|100%| O|  |TAMS 0x000000070ae00000, 0x000000070ae00000| Untracked 
|  88|0x000000070b000000, 0x000000070b200000, 0x000000070b200000|100%| O|  |TAMS 0x000000070b000000, 0x000000070b000000| Untracked 
|  89|0x000000070b200000, 0x000000070b400000, 0x000000070b400000|100%| O|  |TAMS 0x000000070b200000, 0x000000070b200000| Untracked 
|  90|0x000000070b400000, 0x000000070b600000, 0x000000070b600000|100%| O|  |TAMS 0x000000070b400000, 0x000000070b400000| Untracked 
|  91|0x000000070b600000, 0x000000070b800000, 0x000000070b800000|100%| O|  |TAMS 0x000000070b600000, 0x000000070b600000| Untracked 
|  92|0x000000070b800000, 0x000000070ba00000, 0x000000070ba00000|100%| O|  |TAMS 0x000000070b800000, 0x000000070b800000| Untracked 
|  93|0x000000070ba00000, 0x000000070bc00000, 0x000000070bc00000|100%| O|  |TAMS 0x000000070ba00000, 0x000000070ba00000| Untracked 
|  94|0x000000070bc00000, 0x000000070be00000, 0x000000070be00000|100%| O|  |TAMS 0x000000070bc00000, 0x000000070bc00000| Untracked 
|  95|0x000000070be00000, 0x000000070c000000, 0x000000070c000000|100%| O|  |TAMS 0x000000070be00000, 0x000000070be00000| Untracked 
|  96|0x000000070c000000, 0x000000070c200000, 0x000000070c200000|100%| O|  |TAMS 0x000000070c000000, 0x000000070c000000| Untracked 
|  97|0x000000070c200000, 0x000000070c400000, 0x000000070c400000|100%| O|  |TAMS 0x000000070c200000, 0x000000070c200000| Untracked 
|  98|0x000000070c400000, 0x000000070c600000, 0x000000070c600000|100%| O|  |TAMS 0x000000070c400000, 0x000000070c400000| Untracked 
|  99|0x000000070c600000, 0x000000070c800000, 0x000000070c800000|100%| O|  |TAMS 0x000000070c600000, 0x000000070c600000| Untracked 
| 100|0x000000070c800000, 0x000000070ca00000, 0x000000070ca00000|100%| O|  |TAMS 0x000000070c800000, 0x000000070c800000| Untracked 
| 101|0x000000070ca00000, 0x000000070cbdda00, 0x000000070cc00000| 93%| O|  |TAMS 0x000000070ca00000, 0x000000070ca00000| Untracked 
| 102|0x000000070cc00000, 0x000000070cc00000, 0x000000070ce00000|  0%| F|  |TAMS 0x000000070cc00000, 0x000000070cc00000| Untracked 
| 103|0x000000070ce00000, 0x000000070ce00000, 0x000000070d000000|  0%| F|  |TAMS 0x000000070ce00000, 0x000000070ce00000| Untracked 
| 104|0x000000070d000000, 0x000000070d000000, 0x000000070d200000|  0%| F|  |TAMS 0x000000070d000000, 0x000000070d000000| Untracked 
| 105|0x000000070d200000, 0x000000070d200000, 0x000000070d400000|  0%| F|  |TAMS 0x000000070d200000, 0x000000070d200000| Untracked 
| 106|0x000000070d400000, 0x000000070d400000, 0x000000070d600000|  0%| F|  |TAMS 0x000000070d400000, 0x000000070d400000| Untracked 
| 107|0x000000070d600000, 0x000000070d600000, 0x000000070d800000|  0%| F|  |TAMS 0x000000070d600000, 0x000000070d600000| Untracked 
| 108|0x000000070d800000, 0x000000070d800000, 0x000000070da00000|  0%| F|  |TAMS 0x000000070d800000, 0x000000070d800000| Untracked 
| 109|0x000000070da00000, 0x000000070da00000, 0x000000070dc00000|  0%| F|  |TAMS 0x000000070da00000, 0x000000070da00000| Untracked 
| 110|0x000000070dc00000, 0x000000070dc00000, 0x000000070de00000|  0%| F|  |TAMS 0x000000070dc00000, 0x000000070dc00000| Untracked 
| 111|0x000000070de00000, 0x000000070de00000, 0x000000070e000000|  0%| F|  |TAMS 0x000000070de00000, 0x000000070de00000| Untracked 
| 112|0x000000070e000000, 0x000000070e000000, 0x000000070e200000|  0%| F|  |TAMS 0x000000070e000000, 0x000000070e000000| Untracked 
| 113|0x000000070e200000, 0x000000070e200000, 0x000000070e400000|  0%| F|  |TAMS 0x000000070e200000, 0x000000070e200000| Untracked 
| 114|0x000000070e400000, 0x000000070e400000, 0x000000070e600000|  0%| F|  |TAMS 0x000000070e400000, 0x000000070e400000| Untracked 
| 115|0x000000070e600000, 0x000000070e600000, 0x000000070e800000|  0%| F|  |TAMS 0x000000070e600000, 0x000000070e600000| Untracked 
| 116|0x000000070e800000, 0x000000070e800000, 0x000000070ea00000|  0%| F|  |TAMS 0x000000070e800000, 0x000000070e800000| Untracked 
| 117|0x000000070ea00000, 0x000000070ea00000, 0x000000070ec00000|  0%| F|  |TAMS 0x000000070ea00000, 0x000000070ea00000| Untracked 
| 118|0x000000070ec00000, 0x000000070ec00000, 0x000000070ee00000|  0%| F|  |TAMS 0x000000070ec00000, 0x000000070ec00000| Untracked 
| 119|0x000000070ee00000, 0x000000070ee00000, 0x000000070f000000|  0%| F|  |TAMS 0x000000070ee00000, 0x000000070ee00000| Untracked 
| 120|0x000000070f000000, 0x000000070f000000, 0x000000070f200000|  0%| F|  |TAMS 0x000000070f000000, 0x000000070f000000| Untracked 
| 121|0x000000070f200000, 0x000000070f200000, 0x000000070f400000|  0%| F|  |TAMS 0x000000070f200000, 0x000000070f200000| Untracked 
| 122|0x000000070f400000, 0x000000070f400000, 0x000000070f600000|  0%| F|  |TAMS 0x000000070f400000, 0x000000070f400000| Untracked 
| 123|0x000000070f600000, 0x000000070f600000, 0x000000070f800000|  0%| F|  |TAMS 0x000000070f600000, 0x000000070f600000| Untracked 
| 124|0x000000070f800000, 0x000000070f800000, 0x000000070fa00000|  0%| F|  |TAMS 0x000000070f800000, 0x000000070f800000| Untracked 
| 125|0x000000070fa00000, 0x000000070fa00000, 0x000000070fc00000|  0%| F|  |TAMS 0x000000070fa00000, 0x000000070fa00000| Untracked 
| 126|0x000000070fc00000, 0x000000070fc00000, 0x000000070fe00000|  0%| F|  |TAMS 0x000000070fc00000, 0x000000070fc00000| Untracked 
| 127|0x000000070fe00000, 0x000000070fe00000, 0x0000000710000000|  0%| F|  |TAMS 0x000000070fe00000, 0x000000070fe00000| Untracked 
| 128|0x0000000710000000, 0x0000000710200000, 0x0000000710200000|100%| S|CS|TAMS 0x0000000710000000, 0x0000000710000000| Complete 
| 129|0x0000000710200000, 0x0000000710400000, 0x0000000710400000|100%| S|CS|TAMS 0x0000000710200000, 0x0000000710200000| Complete 
| 130|0x0000000710400000, 0x0000000710600000, 0x0000000710600000|100%| S|CS|TAMS 0x0000000710400000, 0x0000000710400000| Complete 
| 131|0x0000000710600000, 0x0000000710600000, 0x0000000710800000|  0%| F|  |TAMS 0x0000000710600000, 0x0000000710600000| Untracked 
| 132|0x0000000710800000, 0x0000000710800000, 0x0000000710a00000|  0%| F|  |TAMS 0x0000000710800000, 0x0000000710800000| Untracked 
| 133|0x0000000710a00000, 0x0000000710a00000, 0x0000000710c00000|  0%| F|  |TAMS 0x0000000710a00000, 0x0000000710a00000| Untracked 
| 134|0x0000000710c00000, 0x0000000710c00000, 0x0000000710e00000|  0%| F|  |TAMS 0x0000000710c00000, 0x0000000710c00000| Untracked 
| 135|0x0000000710e00000, 0x0000000710e00000, 0x0000000711000000|  0%| F|  |TAMS 0x0000000710e00000, 0x0000000710e00000| Untracked 
| 136|0x0000000711000000, 0x0000000711000000, 0x0000000711200000|  0%| F|  |TAMS 0x0000000711000000, 0x0000000711000000| Untracked 
| 137|0x0000000711200000, 0x0000000711200000, 0x0000000711400000|  0%| F|  |TAMS 0x0000000711200000, 0x0000000711200000| Untracked 
| 138|0x0000000711400000, 0x0000000711400000, 0x0000000711600000|  0%| F|  |TAMS 0x0000000711400000, 0x0000000711400000| Untracked 
| 139|0x0000000711600000, 0x0000000711600000, 0x0000000711800000|  0%| F|  |TAMS 0x0000000711600000, 0x0000000711600000| Untracked 
| 140|0x0000000711800000, 0x0000000711800000, 0x0000000711a00000|  0%| F|  |TAMS 0x0000000711800000, 0x0000000711800000| Untracked 
| 141|0x0000000711a00000, 0x0000000711a00000, 0x0000000711c00000|  0%| F|  |TAMS 0x0000000711a00000, 0x0000000711a00000| Untracked 
| 142|0x0000000711c00000, 0x0000000711c00000, 0x0000000711e00000|  0%| F|  |TAMS 0x0000000711c00000, 0x0000000711c00000| Untracked 
| 143|0x0000000711e00000, 0x0000000711e00000, 0x0000000712000000|  0%| F|  |TAMS 0x0000000711e00000, 0x0000000711e00000| Untracked 
| 144|0x0000000712000000, 0x0000000712000000, 0x0000000712200000|  0%| F|  |TAMS 0x0000000712000000, 0x0000000712000000| Untracked 
| 145|0x0000000712200000, 0x0000000712200000, 0x0000000712400000|  0%| F|  |TAMS 0x0000000712200000, 0x0000000712200000| Untracked 
| 146|0x0000000712400000, 0x0000000712400000, 0x0000000712600000|  0%| F|  |TAMS 0x0000000712400000, 0x0000000712400000| Untracked 
| 147|0x0000000712600000, 0x0000000712600000, 0x0000000712800000|  0%| F|  |TAMS 0x0000000712600000, 0x0000000712600000| Untracked 
| 148|0x0000000712800000, 0x0000000712800000, 0x0000000712a00000|  0%| F|  |TAMS 0x0000000712800000, 0x0000000712800000| Untracked 
| 149|0x0000000712a00000, 0x0000000712a00000, 0x0000000712c00000|  0%| F|  |TAMS 0x0000000712a00000, 0x0000000712a00000| Untracked 
| 150|0x0000000712c00000, 0x0000000712c00000, 0x0000000712e00000|  0%| F|  |TAMS 0x0000000712c00000, 0x0000000712c00000| Untracked 
| 151|0x0000000712e00000, 0x0000000712e00000, 0x0000000713000000|  0%| F|  |TAMS 0x0000000712e00000, 0x0000000712e00000| Untracked 
| 152|0x0000000713000000, 0x0000000713000000, 0x0000000713200000|  0%| F|  |TAMS 0x0000000713000000, 0x0000000713000000| Untracked 
| 153|0x0000000713200000, 0x0000000713200000, 0x0000000713400000|  0%| F|  |TAMS 0x0000000713200000, 0x0000000713200000| Untracked 
| 154|0x0000000713400000, 0x0000000713400000, 0x0000000713600000|  0%| F|  |TAMS 0x0000000713400000, 0x0000000713400000| Untracked 

Card table byte_map: [0x00000242205b0000,0x0000024220db0000] _byte_map_base: 0x000002421cdb0000

Marking Bits (Prev, Next): (CMBitMap*) 0x0000024209230b40, (CMBitMap*) 0x0000024209230b00
 Prev Bits: [0x00000242255b0000, 0x00000242295b0000)
 Next Bits: [0x00000242215b0000, 0x00000242255b0000)

Polling page: 0x0000024207070000

Metaspace:

Usage:
  Non-class:     81.67 MB used.
      Class:     13.28 MB used.
       Both:     94.95 MB used.

Virtual space:
  Non-class space:      128.00 MB reserved,      82.50 MB ( 64%) committed,  2 nodes.
      Class space:        1.00 GB reserved,      13.94 MB (  1%) committed,  1 nodes.
             Both:        1.12 GB reserved,      96.44 MB (  8%) committed. 

Chunk freelists:
   Non-Class:  13.23 MB
       Class:  2.11 MB
        Both:  15.34 MB

MaxMetaspaceSize: unlimited
CompressedClassSpaceSize: 1.00 GB
Initial GC threshold: 21.00 MB
Current GC threshold: 143.56 MB
CDS: on
MetaspaceReclaimPolicy: balanced
 - commit_granule_bytes: 65536.
 - commit_granule_words: 8192.
 - virtual_space_node_default_size: 8388608.
 - enlarge_chunks_in_place: 1.
 - new_chunks_are_fully_committed: 0.
 - uncommit_free_chunks: 1.
 - use_allocation_guard: 0.
 - handle_deallocations: 1.


Internal statistics:

num_allocs_failed_limit: 6.
num_arena_births: 1650.
num_arena_deaths: 0.
num_vsnodes_births: 3.
num_vsnodes_deaths: 0.
num_space_committed: 1543.
num_space_uncommitted: 0.
num_chunks_returned_to_freelist: 6.
num_chunks_taken_from_freelist: 6111.
num_chunk_merges: 6.
num_chunk_splits: 3907.
num_chunks_enlarged: 2365.
num_purges: 0.
num_inconsistent_stats: 0.

CodeHeap 'non-profiled nmethods': size=120000Kb used=6555Kb max_used=6925Kb free=113444Kb
 bounds [0x0000024218540000, 0x0000024218c10000, 0x000002421fa70000]
CodeHeap 'profiled nmethods': size=120000Kb used=21326Kb max_used=23961Kb free=98673Kb
 bounds [0x0000024210a70000, 0x00000242121e0000, 0x0000024217fa0000]
CodeHeap 'non-nmethods': size=5760Kb used=2417Kb max_used=2473Kb free=3342Kb
 bounds [0x0000024217fa0000, 0x0000024218230000, 0x0000024218540000]
 total_blobs=12638 nmethods=11698 adapters=852
 compilation: enabled
              stopped_count=0, restarted_count=0
 full_count=0

Compilation events (20 events):
Event: 49.475 Thread 0x000002422bfe9ce0 14420       4       org.gradle.internal.instantiation.generator.ManagedObjectFactory::displayNameFor (73 bytes)
Event: 49.483 Thread 0x000002422bfea690 14510       3       org.gradle.api.internal.provider.AbstractMinimalProvider::get (37 bytes)
Event: 49.484 Thread 0x000002422bfea690 nmethod 14510 0x0000024210aad190 code [0x0000024210aad380, 0x0000024210aad848]
Event: 49.484 Thread 0x000002422bfea690 14511       3       com.google.common.base.Joiner::appendTo (73 bytes)
Event: 49.484 Thread 0x000002422bfea690 nmethod 14511 0x0000024210bf9210 code [0x0000024210bf9460, 0x0000024210bf9ed8]
Event: 49.484 Thread 0x000002422bfea690 14512       3       org.gradle.api.internal.tasks.DefaultTaskDependency::<init> (9 bytes)
Event: 49.484 Thread 0x000002422bfea690 nmethod 14512 0x0000024210c83090 code [0x0000024210c83240, 0x0000024210c83598]
Event: 49.485 Thread 0x000002422bfe9ce0 nmethod 14420 0x0000024218a58510 code [0x0000024218a586e0, 0x0000024218a591d8]
Event: 49.485 Thread 0x000002422bfe9ce0 14365       4       org.objectweb.asm.MethodWriter::visitTypeInsn (116 bytes)
Event: 49.488 Thread 0x000002422bfe9ce0 nmethod 14365 0x0000024218916f90 code [0x0000024218917140, 0x0000024218917448]
Event: 49.488 Thread 0x000002422bfe9ce0 14417       4       com.google.common.reflect.TypeResolver$TypeVariableKey::equals (23 bytes)
Event: 49.492 Thread 0x000002422bfe9ce0 nmethod 14417 0x000002421884dd90 code [0x000002421884df80, 0x000002421884e548]
Event: 49.492 Thread 0x000002422bfe9ce0 14514       4       java.util.WeakHashMap::get (75 bytes)
Event: 49.502 Thread 0x000002422bfea690 14518       3       java.lang.invoke.LambdaFormEditor$TransformKey::packedBytes (75 bytes)
Event: 49.503 Thread 0x000002422bfea690 nmethod 14518 0x0000024210cd7c10 code [0x0000024210cd7de0, 0x0000024210cd8158]
Event: 49.503 Thread 0x000002422bfea690 14519       1       com.android.build.gradle.internal.lint.LintTool_Decorated::getModelIdentityDisplayName (5 bytes)
Event: 49.503 Thread 0x000002422bfea690 nmethod 14519 0x00000242185b2590 code [0x00000242185b2720, 0x00000242185b27f8]
Event: 49.504 Thread 0x000002422bfea690 14520   !   3       jdk.internal.reflect.GeneratedMethodAccessor16::invoke (63 bytes)
Event: 49.505 Thread 0x000002422bfea690 nmethod 14520 0x0000024210ad9310 code [0x0000024210ad9540, 0x0000024210ad9c38]
Event: 49.505 Thread 0x000002422bfea690 14521   !   3       jdk.internal.reflect.GeneratedMethodAccessor17::invoke (66 bytes)

GC Heap History (20 events):
Event: 37.382 GC heap after
{Heap after GC invocations=40 (full 0):
 garbage-first heap   total 167936K, used 117961K [0x0000000700000000, 0x0000000800000000)
  region size 2048K, 3 young (6144K), 3 survivors (6144K)
 Metaspace       used 80607K, committed 81600K, reserved 1179648K
  class space    used 11315K, committed 11776K, reserved 1048576K
}
Event: 37.424 GC heap before
{Heap before GC invocations=40 (full 0):
 garbage-first heap   total 167936K, used 120009K [0x0000000700000000, 0x0000000800000000)
  region size 2048K, 4 young (8192K), 3 survivors (6144K)
 Metaspace       used 80641K, committed 81600K, reserved 1179648K
  class space    used 11320K, committed 11776K, reserved 1048576K
}
Event: 37.427 GC heap after
{Heap after GC invocations=41 (full 0):
 garbage-first heap   total 167936K, used 118068K [0x0000000700000000, 0x0000000800000000)
  region size 2048K, 1 young (2048K), 1 survivors (2048K)
 Metaspace       used 80641K, committed 81600K, reserved 1179648K
  class space    used 11320K, committed 11776K, reserved 1048576K
}
Event: 37.640 GC heap before
{Heap before GC invocations=41 (full 0):
 garbage-first heap   total 167936K, used 134452K [0x0000000700000000, 0x0000000800000000)
  region size 2048K, 9 young (18432K), 1 survivors (2048K)
 Metaspace       used 81025K, committed 82048K, reserved 1179648K
  class space    used 11375K, committed 11840K, reserved 1048576K
}
Event: 37.647 GC heap after
{Heap after GC invocations=42 (full 0):
 garbage-first heap   total 317440K, used 123351K [0x0000000700000000, 0x0000000800000000)
  region size 2048K, 2 young (4096K), 2 survivors (4096K)
 Metaspace       used 81025K, committed 82048K, reserved 1179648K
  class space    used 11375K, committed 11840K, reserved 1048576K
}
Event: 40.522 GC heap before
{Heap before GC invocations=43 (full 0):
 garbage-first heap   total 317440K, used 231895K [0x0000000700000000, 0x0000000800000000)
  region size 2048K, 53 young (108544K), 2 survivors (4096K)
 Metaspace       used 84324K, committed 85504K, reserved 1179648K
  class space    used 11797K, committed 12352K, reserved 1048576K
}
Event: 40.544 GC heap after
{Heap after GC invocations=44 (full 0):
 garbage-first heap   total 317440K, used 154426K [0x0000000700000000, 0x0000000800000000)
  region size 2048K, 7 young (14336K), 7 survivors (14336K)
 Metaspace       used 84324K, committed 85504K, reserved 1179648K
  class space    used 11797K, committed 12352K, reserved 1048576K
}
Event: 40.579 GC heap before
{Heap before GC invocations=44 (full 0):
 garbage-first heap   total 317440K, used 156474K [0x0000000700000000, 0x0000000800000000)
  region size 2048K, 8 young (16384K), 7 survivors (14336K)
 Metaspace       used 84381K, committed 85568K, reserved 1179648K
  class space    used 11806K, committed 12352K, reserved 1048576K
}
Event: 40.590 GC heap after
{Heap after GC invocations=45 (full 0):
 garbage-first heap   total 317440K, used 156139K [0x0000000700000000, 0x0000000800000000)
  region size 2048K, 1 young (2048K), 1 survivors (2048K)
 Metaspace       used 84381K, committed 85568K, reserved 1179648K
  class space    used 11806K, committed 12352K, reserved 1048576K
}
Event: 43.804 GC heap before
{Heap before GC invocations=45 (full 0):
 garbage-first heap   total 317440K, used 240107K [0x0000000700000000, 0x0000000800000000)
  region size 2048K, 40 young (81920K), 1 survivors (2048K)
 Metaspace       used 86898K, committed 88192K, reserved 1179648K
  class space    used 12122K, committed 12736K, reserved 1048576K
}
Event: 43.822 GC heap after
{Heap after GC invocations=46 (full 0):
 garbage-first heap   total 317440K, used 177696K [0x0000000700000000, 0x0000000800000000)
  region size 2048K, 5 young (10240K), 5 survivors (10240K)
 Metaspace       used 86898K, committed 88192K, reserved 1179648K
  class space    used 12122K, committed 12736K, reserved 1048576K
}
Event: 45.903 GC heap before
{Heap before GC invocations=47 (full 0):
 garbage-first heap   total 317440K, used 239136K [0x0000000700000000, 0x0000000800000000)
  region size 2048K, 36 young (73728K), 5 survivors (10240K)
 Metaspace       used 89089K, committed 90496K, reserved 1179648K
  class space    used 12416K, committed 13056K, reserved 1048576K
}
Event: 45.924 GC heap after
{Heap after GC invocations=48 (full 0):
 garbage-first heap   total 317440K, used 192051K [0x0000000700000000, 0x0000000800000000)
  region size 2048K, 5 young (10240K), 5 survivors (10240K)
 Metaspace       used 89089K, committed 90496K, reserved 1179648K
  class space    used 12416K, committed 13056K, reserved 1048576K
}
Event: 45.965 GC heap before
{Heap before GC invocations=48 (full 0):
 garbage-first heap   total 317440K, used 196147K [0x0000000700000000, 0x0000000800000000)
  region size 2048K, 7 young (14336K), 5 survivors (10240K)
 Metaspace       used 89091K, committed 90496K, reserved 1179648K
  class space    used 12416K, committed 13056K, reserved 1048576K
}
Event: 45.987 GC heap after
{Heap after GC invocations=49 (full 0):
 garbage-first heap   total 317440K, used 192485K [0x0000000700000000, 0x0000000800000000)
  region size 2048K, 1 young (2048K), 1 survivors (2048K)
 Metaspace       used 89091K, committed 90496K, reserved 1179648K
  class space    used 12416K, committed 13056K, reserved 1048576K
}
Event: 47.435 GC heap before
{Heap before GC invocations=49 (full 0):
 garbage-first heap   total 317440K, used 247781K [0x0000000700000000, 0x0000000800000000)
  region size 2048K, 27 young (55296K), 1 survivors (2048K)
 Metaspace       used 91999K, committed 93504K, reserved 1179648K
  class space    used 12860K, committed 13504K, reserved 1048576K
}
Event: 47.443 GC heap after
{Heap after GC invocations=50 (full 0):
 garbage-first heap   total 317440K, used 207628K [0x0000000700000000, 0x0000000800000000)
  region size 2048K, 4 young (8192K), 4 survivors (8192K)
 Metaspace       used 91999K, committed 93504K, reserved 1179648K
  class space    used 12860K, committed 13504K, reserved 1048576K
}
Event: 48.145 GC heap before
{Heap before GC invocations=50 (full 0):
 garbage-first heap   total 317440K, used 250636K [0x0000000700000000, 0x0000000800000000)
  region size 2048K, 26 young (53248K), 4 survivors (8192K)
 Metaspace       used 94613K, committed 96128K, reserved 1179648K
  class space    used 13241K, committed 13888K, reserved 1048576K
}
Event: 48.191 GC heap after
{Heap after GC invocations=51 (full 0):
 garbage-first heap   total 317440K, used 210420K [0x0000000700000000, 0x0000000800000000)
  region size 2048K, 2 young (4096K), 2 survivors (4096K)
 Metaspace       used 94613K, committed 96128K, reserved 1179648K
  class space    used 13241K, committed 13888K, reserved 1048576K
}
Event: 49.506 GC heap before
{Heap before GC invocations=51 (full 0):
 garbage-first heap   total 317440K, used 255476K [0x0000000700000000, 0x0000000800000000)
  region size 2048K, 24 young (49152K), 2 survivors (4096K)
 Metaspace       used 97228K, committed 98752K, reserved 1179648K
  class space    used 13595K, committed 14272K, reserved 1048576K
}

Deoptimization events (20 events):
Event: 49.141 Thread 0x0000024273bc48c0 Uncommon trap: trap_request=0xffffff45 fr.pc=0x0000024218bb3d28 relative=0x0000000000000208
Event: 49.141 Thread 0x0000024273bc48c0 Uncommon trap: reason=unstable_if action=reinterpret pc=0x0000024218bb3d28 method=org.gradle.internal.instantiation.generator.AbstractClassGenerator.isNameProperty(Lorg/gradle/internal/instantiation/generator/AbstractClassGenerator$PropertyMetadata;)Z @ 2
Event: 49.141 Thread 0x0000024273bc48c0 DEOPT PACKING pc=0x0000024218bb3d28 sp=0x00000084082f9470
Event: 49.141 Thread 0x0000024273bc48c0 DEOPT UNPACKING pc=0x0000024217ff5ba3 sp=0x00000084082f9400 mode 2
Event: 49.188 Thread 0x0000024273bc48c0 Uncommon trap: trap_request=0xfffffff4 fr.pc=0x0000024218be37a0 relative=0x00000000000015a0
Event: 49.188 Thread 0x0000024273bc48c0 Uncommon trap: reason=null_check action=make_not_entrant pc=0x0000024218be37a0 method=org.gradle.internal.instantiation.generator.AbstractClassGenerator$PropertyMetadata.addGetter(Lorg/gradle/internal/instantiation/generator/AbstractClassGenerator$MethodM
Event: 49.188 Thread 0x0000024273bc48c0 DEOPT PACKING pc=0x0000024218be37a0 sp=0x00000084082f9820
Event: 49.188 Thread 0x0000024273bc48c0 DEOPT UNPACKING pc=0x0000024217ff5ba3 sp=0x00000084082f9808 mode 2
Event: 49.189 Thread 0x0000024273bc48c0 Uncommon trap: trap_request=0xfffffff4 fr.pc=0x0000024218be70e8 relative=0x0000000000001568
Event: 49.189 Thread 0x0000024273bc48c0 Uncommon trap: reason=null_check action=make_not_entrant pc=0x0000024218be70e8 method=org.gradle.internal.instantiation.generator.AbstractClassGenerator.isIneligibleForConventionMapping(Lorg/gradle/internal/instantiation/generator/AbstractClassGenerator$P
Event: 49.189 Thread 0x0000024273bc48c0 DEOPT PACKING pc=0x0000024218be70e8 sp=0x00000084082f9820
Event: 49.189 Thread 0x0000024273bc48c0 DEOPT UNPACKING pc=0x0000024217ff5ba3 sp=0x00000084082f9748 mode 2
Event: 49.277 Thread 0x0000024273bc48c0 Uncommon trap: trap_request=0xffffffde fr.pc=0x00000242187534dc relative=0x000000000000015c
Event: 49.277 Thread 0x0000024273bc48c0 Uncommon trap: reason=class_check action=maybe_recompile pc=0x00000242187534dc method=java.lang.reflect.Array.newInstance(Ljava/lang/Class;I)Ljava/lang/Object; @ 2 c2
Event: 49.277 Thread 0x0000024273bc48c0 DEOPT PACKING pc=0x00000242187534dc sp=0x00000084082f8610
Event: 49.277 Thread 0x0000024273bc48c0 DEOPT UNPACKING pc=0x0000024217ff5ba3 sp=0x00000084082f85a8 mode 2
Event: 49.277 Thread 0x0000024273bc48c0 Uncommon trap: trap_request=0xffffff45 fr.pc=0x000002421891205c relative=0x00000000000012fc
Event: 49.277 Thread 0x0000024273bc48c0 Uncommon trap: reason=unstable_if action=reinterpret pc=0x000002421891205c method=java.lang.Class.getTypeName()Ljava/lang/String; @ 23 c2
Event: 49.277 Thread 0x0000024273bc48c0 DEOPT PACKING pc=0x000002421891205c sp=0x00000084082f89d0
Event: 49.277 Thread 0x0000024273bc48c0 DEOPT UNPACKING pc=0x0000024217ff5ba3 sp=0x00000084082f89b8 mode 2

Classes unloaded (0 events):
No events

Classes redefined (0 events):
No events

Internal exceptions (20 events):
Event: 46.957 Thread 0x000002427276d620 Exception <a 'java/lang/NoClassDefFoundError'{0x0000000710ed1d40}: org/jetbrains/kotlin/gradle/plugin/KotlinBasePluginWrapper> (0x0000000710ed1d40) 
thrown [s\open\src\hotspot\share\oops\constantPool.cpp, line 835]
Event: 47.373 Thread 0x0000024273bc48c0 Exception <a 'java/lang/NoSuchMethodError'{0x00000007105014c0}: 'void java.lang.invoke.DirectMethodHandle$Holder.invokeVirtual(java.lang.Object, java.lang.Object)'> (0x00000007105014c0) 
thrown [s\open\src\hotspot\share\interpreter\linkResolver.cpp, line 759]
Event: 48.937 Thread 0x0000024273bc48c0 Implicit null exception at 0x0000024218bce710 to 0x0000024218bce7d8
Event: 49.015 Thread 0x0000024273bc48c0 Implicit null exception at 0x0000024218bd3a8a to 0x0000024218bd3b6e
Event: 49.015 Thread 0x0000024273bc48c0 Implicit null exception at 0x0000024218bd3ed6 to 0x0000024218bd48a0
Event: 49.042 Thread 0x0000024273bc48c0 Implicit null exception at 0x0000024218bda9c3 to 0x0000024218bdaa7b
Event: 49.188 Thread 0x0000024273bc48c0 Implicit null exception at 0x0000024218be2888 to 0x0000024218be3790
Event: 49.189 Thread 0x0000024273bc48c0 Implicit null exception at 0x0000024218be6068 to 0x0000024218be70dc
Event: 49.404 Thread 0x0000024273bc48c0 Exception <a 'java/lang/ClassNotFoundException'{0x00000007115d3b30}: com/google/gms/googleservices/GoogleServicesTask_DecoratedBeanInfo> (0x00000007115d3b30) 
thrown [s\open\src\hotspot\share\classfile\systemDictionary.cpp, line 256]
Event: 49.404 Thread 0x0000024273bc48c0 Exception <a 'java/lang/ClassNotFoundException'{0x00000007115e1d88}: com/google/gms/googleservices/GoogleServicesTask_DecoratedCustomizer> (0x00000007115e1d88) 
thrown [s\open\src\hotspot\share\classfile\systemDictionary.cpp, line 256]
Event: 49.410 Thread 0x0000024273bc48c0 Exception <a 'java/lang/ClassNotFoundException'{0x000000071126a2e0}: org/gradle/api/internal/file/DefaultFilePropertyFactory$DefaultDirectoryVarBeanInfo> (0x000000071126a2e0) 
thrown [s\open\src\hotspot\share\classfile\systemDictionary.cpp, line 256]
Event: 49.411 Thread 0x0000024273bc48c0 Exception <a 'java/lang/ClassNotFoundException'{0x00000007112779e0}: org/gradle/api/internal/file/DefaultFilePropertyFactory$AbstractFileVarBeanInfo> (0x00000007112779e0) 
thrown [s\open\src\hotspot\share\classfile\systemDictionary.cpp, line 256]
Event: 49.411 Thread 0x0000024273bc48c0 Exception <a 'java/lang/ClassNotFoundException'{0x0000000711285530}: org/gradle/api/internal/provider/DefaultPropertyBeanInfo> (0x0000000711285530) 
thrown [s\open\src\hotspot\share\classfile\systemDictionary.cpp, line 256]
Event: 49.411 Thread 0x0000024273bc48c0 Exception <a 'java/lang/ClassNotFoundException'{0x00000007112930b8}: org/gradle/api/internal/provider/AbstractPropertyBeanInfo> (0x00000007112930b8) 
thrown [s\open\src\hotspot\share\classfile\systemDictionary.cpp, line 256]
Event: 49.412 Thread 0x0000024273bc48c0 Exception <a 'java/lang/ClassNotFoundException'{0x00000007112a0ee0}: org/gradle/api/internal/provider/AbstractPropertyCustomizer> (0x00000007112a0ee0) 
thrown [s\open\src\hotspot\share\classfile\systemDictionary.cpp, line 256]
Event: 49.413 Thread 0x0000024273bc48c0 Exception <a 'java/lang/ClassNotFoundException'{0x00000007112baaf8}: org/gradle/api/internal/provider/DefaultPropertyCustomizer> (0x00000007112baaf8) 
thrown [s\open\src\hotspot\share\classfile\systemDictionary.cpp, line 256]
Event: 49.415 Thread 0x0000024273bc48c0 Exception <a 'java/lang/ClassNotFoundException'{0x00000007112da738}: org/gradle/api/internal/file/DefaultFilePropertyFactory$AbstractFileVarCustomizer> (0x00000007112da738) 
thrown [s\open\src\hotspot\share\classfile\systemDictionary.cpp, line 256]
Event: 49.417 Thread 0x0000024273bc48c0 Exception <a 'java/lang/ClassNotFoundException'{0x000000071130e280}: org/gradle/api/internal/file/DefaultFilePropertyFactory$DefaultDirectoryVarCustomizer> (0x000000071130e280) 
thrown [s\open\src\hotspot\share\classfile\systemDictionary.cpp, line 256]
Event: 49.427 Thread 0x0000024273bc48c0 Exception <a 'java/lang/ClassNotFoundException'{0x00000007113edd10}: org/gradle/api/internal/file/collections/DefaultConfigurableFileCollectionBeanInfo> (0x00000007113edd10) 
thrown [s\open\src\hotspot\share\classfile\systemDictionary.cpp, line 256]
Event: 49.427 Thread 0x0000024273bc48c0 Exception <a 'java/lang/ClassNotFoundException'{0x00000007113fab90}: org/gradle/api/internal/file/collections/DefaultConfigurableFileCollectionCustomizer> (0x00000007113fab90) 
thrown [s\open\src\hotspot\share\classfile\systemDictionary.cpp, line 256]

VM Operations (20 events):
Event: 47.443 Executing VM operation: G1CollectForAllocation done
Event: 48.145 Executing VM operation: G1CollectForAllocation
Event: 48.210 Executing VM operation: G1CollectForAllocation done
Event: 49.216 Executing VM operation: Cleanup
Event: 49.217 Executing VM operation: Cleanup done
Event: 49.267 Executing VM operation: HandshakeAllThreads
Event: 49.267 Executing VM operation: HandshakeAllThreads done
Event: 49.270 Executing VM operation: HandshakeAllThreads
Event: 49.271 Executing VM operation: HandshakeAllThreads done
Event: 49.400 Executing VM operation: HandshakeAllThreads
Event: 49.401 Executing VM operation: HandshakeAllThreads done
Event: 49.401 Executing VM operation: HandshakeAllThreads
Event: 49.401 Executing VM operation: HandshakeAllThreads done
Event: 49.425 Executing VM operation: ICBufferFull
Event: 49.426 Executing VM operation: ICBufferFull done
Event: 49.433 Executing VM operation: HandshakeAllThreads
Event: 49.433 Executing VM operation: HandshakeAllThreads done
Event: 49.471 Executing VM operation: HandshakeAllThreads
Event: 49.471 Executing VM operation: HandshakeAllThreads done
Event: 49.505 Executing VM operation: G1CollectForAllocation

Events (20 events):
Event: 49.490 Thread 0x000002422bfecfa0 flushing nmethod 0x0000024212079e10
Event: 49.490 Thread 0x000002422bfecfa0 flushing nmethod 0x0000024212081110
Event: 49.490 Thread 0x000002422bfecfa0 flushing nmethod 0x0000024212082610
Event: 49.490 Thread 0x000002422bfecfa0 flushing nmethod 0x0000024212083b90
Event: 49.490 Thread 0x000002422bfecfa0 flushing nmethod 0x0000024212084590
Event: 49.490 Thread 0x000002422bfecfa0 flushing nmethod 0x0000024212084c10
Event: 49.490 Thread 0x000002422bfecfa0 flushing nmethod 0x0000024212085190
Event: 49.490 Thread 0x000002422bfecfa0 flushing nmethod 0x0000024212085a90
Event: 49.490 Thread 0x000002422bfecfa0 flushing nmethod 0x0000024212085d90
Event: 49.490 Thread 0x000002422bfecfa0 flushing nmethod 0x000002421208aa10
Event: 49.491 Thread 0x000002422bfecfa0 flushing nmethod 0x0000024212097210
Event: 49.491 Thread 0x000002422bfecfa0 flushing nmethod 0x000002421209b890
Event: 49.491 Thread 0x000002422bfecfa0 flushing nmethod 0x000002421209c010
Event: 49.491 Thread 0x000002422bfecfa0 flushing nmethod 0x00000242120b5d90
Event: 49.491 Thread 0x000002422bfecfa0 flushing nmethod 0x00000242120b8b10
Event: 49.491 Thread 0x000002422bfecfa0 flushing nmethod 0x00000242120b8e90
Event: 49.491 Thread 0x000002422bfecfa0 flushing nmethod 0x00000242120b9910
Event: 49.491 Thread 0x000002422bfecfa0 flushing nmethod 0x00000242120ba410
Event: 49.491 Thread 0x000002422bfecfa0 flushing nmethod 0x00000242120bd610
Event: 49.491 Thread 0x000002422bfecfa0 flushing nmethod 0x0000024212136e90


Dynamic libraries:
0x00007ff64a150000 - 0x00007ff64a160000 	C:\Program Files\Java\jdk-17\bin\java.exe
0x00007ffe4eaf0000 - 0x00007ffe4ece8000 	C:\Windows\SYSTEM32\ntdll.dll
0x00007ffe4e0e0000 - 0x00007ffe4e19d000 	C:\Windows\System32\KERNEL32.DLL
0x00007ffe4c820000 - 0x00007ffe4cb16000 	C:\Windows\System32\KERNELBASE.dll
0x00007ffe4c720000 - 0x00007ffe4c820000 	C:\Windows\System32\ucrtbase.dll
0x00007ffe2b640000 - 0x00007ffe2b65b000 	C:\Program Files\Java\jdk-17\bin\VCRUNTIME140.dll
0x00007ffe2fbd0000 - 0x00007ffe2fbe9000 	C:\Program Files\Java\jdk-17\bin\jli.dll
0x00007ffe4e030000 - 0x00007ffe4e0de000 	C:\Windows\System32\ADVAPI32.dll
0x00007ffe4d700000 - 0x00007ffe4d79e000 	C:\Windows\System32\msvcrt.dll
0x00007ffe4ea10000 - 0x00007ffe4eaac000 	C:\Windows\System32\sechost.dll
0x00007ffe4e7b0000 - 0x00007ffe4e8d6000 	C:\Windows\System32\RPCRT4.dll
0x00007ffe4d3e0000 - 0x00007ffe4d57e000 	C:\Windows\System32\USER32.dll
0x00007ffe4c320000 - 0x00007ffe4c342000 	C:\Windows\System32\win32u.dll
0x00007ffe4d580000 - 0x00007ffe4d5ac000 	C:\Windows\System32\GDI32.dll
0x00007ffe4c600000 - 0x00007ffe4c71a000 	C:\Windows\System32\gdi32full.dll
0x00007ffe4c280000 - 0x00007ffe4c31d000 	C:\Windows\System32\msvcp_win.dll
0x00007ffe2eed0000 - 0x00007ffe2f16a000 	C:\Windows\WinSxS\amd64_microsoft.windows.common-controls_6595b64144ccf1df_6.0.19041.1110_none_60b5254171f9507e\COMCTL32.dll
0x00007ffe42780000 - 0x00007ffe4278a000 	C:\Windows\SYSTEM32\VERSION.dll
0x00007ffe4da30000 - 0x00007ffe4da60000 	C:\Windows\System32\IMM32.DLL
0x00007ffe43bd0000 - 0x00007ffe43bdc000 	C:\Program Files\Java\jdk-17\bin\vcruntime140_1.dll
0x00007ffe20740000 - 0x00007ffe207ce000 	C:\Program Files\Java\jdk-17\bin\msvcp140.dll
0x00007ffe00150000 - 0x00007ffe00d2e000 	C:\Program Files\Java\jdk-17\bin\server\jvm.dll
0x00007ffe4e1a0000 - 0x00007ffe4e1a8000 	C:\Windows\System32\PSAPI.DLL
0x00007ffe43a10000 - 0x00007ffe43a19000 	C:\Windows\SYSTEM32\WSOCK32.dll
0x00007ffe2c8e0000 - 0x00007ffe2c907000 	C:\Windows\SYSTEM32\WINMM.dll
0x00007ffe4e1b0000 - 0x00007ffe4e21b000 	C:\Windows\System32\WS2_32.dll
0x00007ffe4a9f0000 - 0x00007ffe4aa02000 	C:\Windows\SYSTEM32\kernel.appcore.dll
0x00007ffe40c80000 - 0x00007ffe40c8a000 	C:\Program Files\Java\jdk-17\bin\jimage.dll
0x00007ffe49cb0000 - 0x00007ffe49e94000 	C:\Windows\SYSTEM32\DBGHELP.DLL
0x00007ffe2cc30000 - 0x00007ffe2cc64000 	C:\Windows\SYSTEM32\dbgcore.DLL
0x00007ffe4c570000 - 0x00007ffe4c5f2000 	C:\Windows\System32\bcryptPrimitives.dll
0x00007ffe20950000 - 0x00007ffe20975000 	C:\Program Files\Java\jdk-17\bin\java.dll
0x00007ffe1f590000 - 0x00007ffe1f667000 	C:\Program Files\Java\jdk-17\bin\jsvml.dll
0x00007ffe4cc90000 - 0x00007ffe4d3d5000 	C:\Windows\System32\SHELL32.dll
0x00007ffe4a240000 - 0x00007ffe4a9db000 	C:\Windows\SYSTEM32\windows.storage.dll
0x00007ffe4dcd0000 - 0x00007ffe4e024000 	C:\Windows\System32\combase.dll
0x00007ffe4bc10000 - 0x00007ffe4bc3e000 	C:\Windows\SYSTEM32\Wldp.dll
0x00007ffe4cbe0000 - 0x00007ffe4cc8d000 	C:\Windows\System32\SHCORE.dll
0x00007ffe4da60000 - 0x00007ffe4dab5000 	C:\Windows\System32\shlwapi.dll
0x00007ffe4c100000 - 0x00007ffe4c125000 	C:\Windows\SYSTEM32\profapi.dll
0x00007ffe26c70000 - 0x00007ffe26c89000 	C:\Program Files\Java\jdk-17\bin\net.dll
0x00007ffe451d0000 - 0x00007ffe452da000 	C:\Windows\SYSTEM32\WINHTTP.dll
0x00007ffe4b970000 - 0x00007ffe4b9da000 	C:\Windows\system32\mswsock.dll
0x00007ffe269a0000 - 0x00007ffe269b6000 	C:\Program Files\Java\jdk-17\bin\nio.dll
0x00007ffe266f0000 - 0x00007ffe26708000 	C:\Program Files\Java\jdk-17\bin\zip.dll
0x00007ffe20930000 - 0x00007ffe20940000 	C:\Program Files\Java\jdk-17\bin\verify.dll
0x00007ffe1f970000 - 0x00007ffe1f997000 	C:\Users\saida\.gradle\native\e1d6ef7f7dcc3fd88c89a11ec53ec762bb8ba0a96d01ffa2cd45eb1d1d8dd5c5\windows-amd64\native-platform.dll
0x00007ffdff170000 - 0x00007ffdff2b4000 	C:\Users\saida\.gradle\native\0d407fdbe67a94daf76414ababcb853783967236a71b16ec16e742cd7a986fd3\windows-amd64\native-platform-file-events.dll
0x00007ffe220f0000 - 0x00007ffe220fa000 	C:\Program Files\Java\jdk-17\bin\management.dll
0x00007ffe21e80000 - 0x00007ffe21e8b000 	C:\Program Files\Java\jdk-17\bin\management_ext.dll
0x00007ffe4bb70000 - 0x00007ffe4bb88000 	C:\Windows\SYSTEM32\CRYPTSP.dll
0x00007ffe4b210000 - 0x00007ffe4b244000 	C:\Windows\system32\rsaenh.dll
0x00007ffe4cb20000 - 0x00007ffe4cb47000 	C:\Windows\System32\bcrypt.dll
0x00007ffe4c0c0000 - 0x00007ffe4c0ee000 	C:\Windows\SYSTEM32\USERENV.dll
0x00007ffe4bb60000 - 0x00007ffe4bb6c000 	C:\Windows\SYSTEM32\CRYPTBASE.dll
0x00007ffe4b610000 - 0x00007ffe4b64b000 	C:\Windows\SYSTEM32\IPHLPAPI.DLL
0x00007ffe4cbb0000 - 0x00007ffe4cbb8000 	C:\Windows\System32\NSI.dll
0x00007ffe40a00000 - 0x00007ffe40a17000 	C:\Windows\SYSTEM32\dhcpcsvc6.DLL
0x00007ffe409e0000 - 0x00007ffe409fd000 	C:\Windows\SYSTEM32\dhcpcsvc.DLL
0x00007ffe4b660000 - 0x00007ffe4b72a000 	C:\Windows\SYSTEM32\DNSAPI.dll
0x00007ffe20940000 - 0x00007ffe2094e000 	C:\Program Files\Java\jdk-17\bin\sunmscapi.dll
0x00007ffe4c410000 - 0x00007ffe4c56e000 	C:\Windows\System32\CRYPT32.dll
0x00007ffe4bc80000 - 0x00007ffe4bca8000 	C:\Windows\SYSTEM32\ncrypt.dll
0x00007ffe4bc40000 - 0x00007ffe4bc7b000 	C:\Windows\SYSTEM32\NTASN1.dll
0x00007ffdff530000 - 0x00007ffdff537000 	C:\Windows\system32\wshunix.dll

dbghelp: loaded successfully - version: 4.0.5 - missing functions: none
symbol engine: initialized successfully - sym options: 0x614 - pdb path: .;C:\Program Files\Java\jdk-17\bin;C:\Windows\SYSTEM32;C:\Windows\WinSxS\amd64_microsoft.windows.common-controls_6595b64144ccf1df_6.0.19041.1110_none_60b5254171f9507e;C:\Program Files\Java\jdk-17\bin\server;C:\Users\saida\.gradle\native\e1d6ef7f7dcc3fd88c89a11ec53ec762bb8ba0a96d01ffa2cd45eb1d1d8dd5c5\windows-amd64;C:\Users\saida\.gradle\native\0d407fdbe67a94daf76414ababcb853783967236a71b16ec16e742cd7a986fd3\windows-amd64

VM Arguments:
jvm_args: --add-opens=java.base/java.util=ALL-UNNAMED --add-opens=java.base/java.lang=ALL-UNNAMED --add-opens=java.base/java.lang.invoke=ALL-UNNAMED --add-opens=java.base/java.util=ALL-UNNAMED --add-opens=java.prefs/java.util.prefs=ALL-UNNAMED --add-opens=java.prefs/java.util.prefs=ALL-UNNAMED --add-opens=java.base/java.nio.charset=ALL-UNNAMED --add-opens=java.base/java.net=ALL-UNNAMED --add-opens=java.base/java.util.concurrent.atomic=ALL-UNNAMED -Xmx4096m -Dfile.encoding=windows-1252 -Duser.country=US -Duser.language=en -Duser.variant 
java_command: org.gradle.launcher.daemon.bootstrap.GradleDaemon 7.5
java_class_path (initial): C:\Users\saida\.gradle\wrapper\dists\gradle-7.5-all\6qsw290k5lz422uaf8jf6m7co\gradle-7.5\lib\gradle-launcher-7.5.jar
Launcher Type: SUN_STANDARD

[Global flags]
     intx CICompilerCount                          = 4                                         {product} {ergonomic}
     uint ConcGCThreads                            = 2                                         {product} {ergonomic}
     uint G1ConcRefinementThreads                  = 8                                         {product} {ergonomic}
   size_t G1HeapRegionSize                         = 2097152                                   {product} {ergonomic}
    uintx GCDrainStackTargetSize                   = 64                                        {product} {ergonomic}
   size_t InitialHeapSize                          = 130023424                                 {product} {ergonomic}
   size_t MarkStackSize                            = 4194304                                   {product} {ergonomic}
   size_t MaxHeapSize                              = 4294967296                                {product} {command line}
   size_t MaxNewSize                               = 2575302656                                {product} {ergonomic}
   size_t MinHeapDeltaBytes                        = 2097152                                   {product} {ergonomic}
   size_t MinHeapSize                              = 8388608                                   {product} {ergonomic}
    uintx NonNMethodCodeHeapSize                   = 5839372                                {pd product} {ergonomic}
    uintx NonProfiledCodeHeapSize                  = 122909434                              {pd product} {ergonomic}
    uintx ProfiledCodeHeapSize                     = 122909434                              {pd product} {ergonomic}
    uintx ReservedCodeCacheSize                    = 251658240                              {pd product} {ergonomic}
     bool SegmentedCodeCache                       = true                                      {product} {ergonomic}
   size_t SoftMaxHeapSize                          = 4294967296                             {manageable} {ergonomic}
     bool UseCompressedClassPointers               = true                           {product lp64_product} {ergonomic}
     bool UseCompressedOops                        = true                           {product lp64_product} {ergonomic}
     bool UseG1GC                                  = true                                      {product} {ergonomic}
     bool UseLargePagesIndividualAllocation        = false                                  {pd product} {ergonomic}

Logging:
Log output configuration:
 #0: stdout all=warning uptime,level,tags
 #1: stderr all=off uptime,level,tags

Environment Variables:
JAVA_HOME=C:\Program Files\Java\jdk-17
CLASSPATH=D:\Downloads Saida\APPP-master (1)\AwesomeProject\android\\gradle\wrapper\gradle-wrapper.jar
PATH=D:\Downloads Saida\APPP-master (1)\AwesomeProject\node_modules\.bin;D:\Downloads Saida\APPP-master (1)\AwesomeProject\node_modules\.bin;D:\Downloads Saida\APPP-master (1)\node_modules\.bin;D:\Downloads Saida\node_modules\.bin;D:\node_modules\.bin;C:\Program Files\nodejs\node_modules\npm\node_modules\@npmcli\run-script\lib\node-gyp-bin;D:\VM\bin\;C:\Program Files\Common Files\Oracle\Java\javapath;C:\Program Files\Microsoft\jdk-11.0.20.8-hotspot\bin;C:\Windows\system32;C:\Windows;C:\Windows\System32\Wbem;C:\Windows\System32\WindowsPowerShell\v1.0\;C:\Windows\System32\OpenSSH\;C:\Program Files\nodejs\;C:\ProgramData\chocolatey\bin;C:\Users\saida\AppData\Local\Android\Sdk\platform-tools;C:\Users\saida\AppData\Local\Android\Sdk\tools;C:\Users\saida\AppData\Local\Microsoft\WindowsApps;;C:\Users\saida\AppData\Local\Programs\Microsoft VS Code\bin;C:\Users\saida\AppData\Roaming\npm
USERNAME=saida
LANG=en_US.UTF-8
OS=Windows_NT
PROCESSOR_IDENTIFIER=Intel64 Family 6 Model 140 Stepping 1, GenuineIntel



---------------  S Y S T E M  ---------------

OS:
 Windows 10 , 64 bit Build 19041 (10.0.19041.3393)
OS uptime: 0 days 0:28 hours

CPU: total 8 (initial active 8) (4 cores per cpu, 2 threads per core) family 6 model 140 stepping 1 microcode 0xac, cx8, cmov, fxsr, ht, mmx, 3dnowpref, sse, sse2, sse3, ssse3, sse4.1, sse4.2, popcnt, lzcnt, tsc, tscinvbit, avx, avx2, aes, erms, clmul, bmi1, bmi2, adx, avx512f, avx512dq, avx512cd, avx512bw, avx512vl, sha, fma, vzeroupper, avx512_vpopcntdq, avx512_vpclmulqdq, avx512_vaes, avx512_vnni, clflush, clflushopt, clwb, avx512_vbmi2, avx512_vbmi

Memory: 4k page, system-wide physical 7847M (143M free)
TotalPageFile size 21745M (AvailPageFile size 256M)
current process WorkingSet (physical memory assigned to process): 420M, peak: 447M
current process commit charge ("private bytes"): 657M, peak: 1047M

vm_info: Java HotSpot(TM) 64-Bit Server VM (17.0.8+9-LTS-211) for windows-amd64 JRE (17.0.8+9-LTS-211), built on Jun 14 2023 10:34:31 by "mach5one" with MS VC++ 17.1 (VS2022)

END.
