#
# There is insufficient memory for the Java Runtime Environment to continue.
# Native memory allocation (malloc) failed to allocate 32744 bytes for ChunkPool::allocate
# Possible reasons:
#   The system is out of physical RAM or swap space
#   The process is running with CompressedOops enabled, and the Java Heap may be blocking the growth of the native heap
# Possible solutions:
#   Reduce memory load on the system
#   Increase physical memory or swap space
#   Check if swap backing store is full
#   Decrease Java heap size (-Xmx/-Xms)
#   Decrease number of Java threads
#   Decrease Java thread stack sizes (-Xss)
#   Set larger code cache with -XX:ReservedCodeCacheSize=
#   JVM is running with Unscaled Compressed Oops mode in which the Java heap is
#     placed in the first 4GB address space. The Java Heap base address is the
#     maximum limit for the native heap growth. Please use -XX:HeapBaseMinAddress
#     to set the Java Heap base and to place the Java Heap above 4GB virtual address.
# This output file may be truncated or incomplete.
#
#  Out of Memory Error (arena.cpp:78), pid=16380, tid=8744
#
# JRE version: Java(TM) SE Runtime Environment (17.0.8+9) (build 17.0.8+9-LTS-211)
# Java VM: Java HotSpot(TM) 64-Bit Server VM (17.0.8+9-LTS-211, mixed mode, sharing, tiered, compressed oops, compressed class ptrs, g1 gc, windows-amd64)
# No core dump will be written. Minidumps are not enabled by default on client versions of Windows
#

---------------  S U M M A R Y ------------

Command Line: -Xmx64m -Xms64m -Dorg.gradle.appname=gradlew org.gradle.wrapper.GradleWrapperMain app:installDebug -PreactNativeDevServerPort=8081

Host: 11th Gen Intel(R) Core(TM) i5-1135G7 @ 2.40GHz, 8 cores, 7G,  Windows 10 , 64 bit Build 19041 (10.0.19041.3393)
Time: Mon Sep 18 10:54:01 2023 Georgian Standard Time elapsed time: 8.959196 seconds (0d 0h 0m 8s)

---------------  T H R E A D  ---------------

Current thread (0x000001fd59544300):  JavaThread "C1 CompilerThread0" daemon [_thread_in_native, id=8744, stack(0x0000007e23a00000,0x0000007e23b00000)]


Current CompileTask:
C1:   8959 1197       3       java.util.concurrent.ScheduledThreadPoolExecutor::canRunInCurrentRunState (61 bytes)

Stack: [0x0000007e23a00000,0x0000007e23b00000]
Native frames: (J=compiled Java code, j=interpreted, Vv=VM code, C=native code)
V  [jvm.dll+0x677d0a]
V  [jvm.dll+0x7d8c54]
V  [jvm.dll+0x7da3fe]
V  [jvm.dll+0x7daa63]
V  [jvm.dll+0x245c5f]
V  [jvm.dll+0xaacc0]
V  [jvm.dll+0xab00c]
V  [jvm.dll+0x175993]
V  [jvm.dll+0x175a5e]
V  [jvm.dll+0x178272]
V  [jvm.dll+0x179dd1]
V  [jvm.dll+0x134d83]
V  [jvm.dll+0x13468f]
V  [jvm.dll+0x1348c8]
V  [jvm.dll+0x133d61]
V  [jvm.dll+0x135a0d]
V  [jvm.dll+0x2270be]
V  [jvm.dll+0x22535b]
V  [jvm.dll+0x78e7bc]
V  [jvm.dll+0x788bba]
V  [jvm.dll+0x676b35]
C  [ucrtbase.dll+0x21bb2]
C  [KERNEL32.DLL+0x17344]
C  [ntdll.dll+0x526b1]


---------------  P R O C E S S  ---------------

Threads class SMR info:
_java_thread_list=0x000001fd9f8feb50, length=15, elements={
0x000001fd3fd799b0, 0x000001fd3fe4eaa0, 0x000001fd594f16d0, 0x000001fd59508230,
0x000001fd59508cf0, 0x000001fd5950d6c0, 0x000001fd5950eea0, 0x000001fd59523850,
0x000001fd59544300, 0x000001fd5954d4c0, 0x000001fd59778b00, 0x000001fd59775ae0,
0x000001fd59775610, 0x000001fd59776480, 0x000001fd59775fb0
}

Java Threads: ( => current thread )
  0x000001fd3fd799b0 JavaThread "main" [_thread_in_native, id=2452, stack(0x0000007e22c00000,0x0000007e22d00000)]
  0x000001fd3fe4eaa0 JavaThread "Reference Handler" daemon [_thread_blocked, id=12348, stack(0x0000007e23300000,0x0000007e23400000)]
  0x000001fd594f16d0 JavaThread "Finalizer" daemon [_thread_blocked, id=1532, stack(0x0000007e23400000,0x0000007e23500000)]
  0x000001fd59508230 JavaThread "Signal Dispatcher" daemon [_thread_blocked, id=16184, stack(0x0000007e23500000,0x0000007e23600000)]
  0x000001fd59508cf0 JavaThread "Attach Listener" daemon [_thread_blocked, id=13824, stack(0x0000007e23600000,0x0000007e23700000)]
  0x000001fd5950d6c0 JavaThread "Service Thread" daemon [_thread_blocked, id=9212, stack(0x0000007e23700000,0x0000007e23800000)]
  0x000001fd5950eea0 JavaThread "Monitor Deflation Thread" daemon [_thread_blocked, id=4924, stack(0x0000007e23800000,0x0000007e23900000)]
  0x000001fd59523850 JavaThread "C2 CompilerThread0" daemon [_thread_blocked, id=14144, stack(0x0000007e23900000,0x0000007e23a00000)]
=>0x000001fd59544300 JavaThread "C1 CompilerThread0" daemon [_thread_in_native, id=8744, stack(0x0000007e23a00000,0x0000007e23b00000)]
  0x000001fd5954d4c0 JavaThread "Sweeper thread" daemon [_thread_blocked, id=13784, stack(0x0000007e23b00000,0x0000007e23c00000)]
  0x000001fd59778b00 JavaThread "Notification Thread" daemon [_thread_blocked, id=15292, stack(0x0000007e23c00000,0x0000007e23d00000)]
  0x000001fd59775ae0 JavaThread "Common-Cleaner" daemon [_thread_blocked, id=3196, stack(0x0000007e23e00000,0x0000007e23f00000)]
  0x000001fd59775610 JavaThread "pool-1-thread-1" [_thread_blocked, id=14188, stack(0x0000007e24400000,0x0000007e24500000)]
  0x000001fd59776480 JavaThread "DisconnectableInputStream source reader" daemon [_thread_in_native, id=2136, stack(0x0000007e24500000,0x0000007e24600000)]
  0x000001fd59775fb0 JavaThread "Forward input" [_thread_blocked, id=13536, stack(0x0000007e24600000,0x0000007e24700000)]

Other Threads:
  0x000001fd3fe4d110 VMThread "VM Thread" [stack: 0x0000007e23200000,0x0000007e23300000] [id=14724]
  0x000001fd597795d0 WatcherThread [stack: 0x0000007e23d00000,0x0000007e23e00000] [id=13764]
  0x000001fd3fd992d0 GCTaskThread "GC Thread#0" [stack: 0x0000007e22d00000,0x0000007e22e00000] [id=8624]
  0x000001fd9fa301b0 GCTaskThread "GC Thread#1" [stack: 0x0000007e24000000,0x0000007e24100000] [id=15260]
  0x000001fd9f069ff0 GCTaskThread "GC Thread#2" [stack: 0x0000007e24100000,0x0000007e24200000] [id=8176]
  0x000001fd9f63e870 GCTaskThread "GC Thread#3" [stack: 0x0000007e24200000,0x0000007e24300000] [id=12604]
  0x000001fd9f5c68a0 GCTaskThread "GC Thread#4" [stack: 0x0000007e24300000,0x0000007e24400000] [id=13984]
  0x000001fd3fd9aa10 ConcurrentGCThread "G1 Main Marker" [stack: 0x0000007e22e00000,0x0000007e22f00000] [id=15900]
  0x000001fd3fd9c430 ConcurrentGCThread "G1 Conc#0" [stack: 0x0000007e22f00000,0x0000007e23000000] [id=16104]
  0x000001fd3fe2fd60 ConcurrentGCThread "G1 Refine#0" [stack: 0x0000007e23000000,0x0000007e23100000] [id=8160]
  0x000001fd3fe30780 ConcurrentGCThread "G1 Service" [stack: 0x0000007e23100000,0x0000007e23200000] [id=15108]

Threads with active compile tasks:
C1 CompilerThread0     8979 1197       3       java.util.concurrent.ScheduledThreadPoolExecutor::canRunInCurrentRunState (61 bytes)

VM state: not at safepoint (normal execution)

VM Mutex/Monitor currently owned by a thread: None

Heap address: 0x00000000fc000000, size: 64 MB, Compressed Oops mode: 32-bit

CDS archive(s) mapped at: [0x000001fd5a000000-0x000001fd5abd0000-0x000001fd5abd0000), size 12386304, SharedBaseAddress: 0x000001fd5a000000, ArchiveRelocationMode: 1.
Compressed class space mapped at: 0x000001fd5b000000-0x000001fd9b000000, reserved size: 1073741824
Narrow klass base: 0x000001fd5a000000, Narrow klass shift: 0, Narrow klass range: 0x100000000

GC Precious Log:
 CPUs: 8 total, 8 available
 Memory: 7847M
 Large Page Support: Disabled
 NUMA Support: Disabled
 Compressed Oops: Enabled (32-bit)
 Heap Region Size: 1M
 Heap Min Capacity: 64M
 Heap Initial Capacity: 64M
 Heap Max Capacity: 64M
 Pre-touch: Disabled
 Parallel Workers: 8
 Concurrent Workers: 2
 Concurrent Refinement Workers: 8
 Periodic GC: Disabled

Heap:
 garbage-first heap   total 65536K, used 21568K [0x00000000fc000000, 0x0000000100000000)
  region size 1024K, 16 young (16384K), 3 survivors (3072K)
 Metaspace       used 7835K, committed 8000K, reserved 1114112K
  class space    used 1083K, committed 1152K, reserved 1048576K

Heap Regions: E=young(eden), S=young(survivor), O=old, HS=humongous(starts), HC=humongous(continues), CS=collection set, F=free, OA=open archive, CA=closed archive, TAMS=top-at-mark-start (previous, next)
|   0|0x00000000fc000000, 0x00000000fc000000, 0x00000000fc100000|  0%| F|  |TAMS 0x00000000fc000000, 0x00000000fc000000| Untracked 
|   1|0x00000000fc100000, 0x00000000fc100000, 0x00000000fc200000|  0%| F|  |TAMS 0x00000000fc100000, 0x00000000fc100000| Untracked 
|   2|0x00000000fc200000, 0x00000000fc200000, 0x00000000fc300000|  0%| F|  |TAMS 0x00000000fc200000, 0x00000000fc200000| Untracked 
|   3|0x00000000fc300000, 0x00000000fc400000, 0x00000000fc400000|100%|HS|  |TAMS 0x00000000fc300000, 0x00000000fc300000| Complete 
|   4|0x00000000fc400000, 0x00000000fc500000, 0x00000000fc500000|100%|HC|  |TAMS 0x00000000fc400000, 0x00000000fc400000| Complete 
|   5|0x00000000fc500000, 0x00000000fc600000, 0x00000000fc600000|100%|HC|  |TAMS 0x00000000fc500000, 0x00000000fc500000| Complete 
|   6|0x00000000fc600000, 0x00000000fc700000, 0x00000000fc700000|100%| O|  |TAMS 0x00000000fc600000, 0x00000000fc600000| Untracked 
|   7|0x00000000fc700000, 0x00000000fc800000, 0x00000000fc800000|100%| O|  |TAMS 0x00000000fc700000, 0x00000000fc700000| Untracked 
|   8|0x00000000fc800000, 0x00000000fc900000, 0x00000000fc900000|100%| O|  |TAMS 0x00000000fc800000, 0x00000000fc800000| Untracked 
|   9|0x00000000fc900000, 0x00000000fc910000, 0x00000000fca00000|  6%| O|  |TAMS 0x00000000fc900000, 0x00000000fc900000| Untracked 
|  10|0x00000000fca00000, 0x00000000fca00000, 0x00000000fcb00000|  0%| F|  |TAMS 0x00000000fca00000, 0x00000000fca00000| Untracked 
|  11|0x00000000fcb00000, 0x00000000fcb00000, 0x00000000fcc00000|  0%| F|  |TAMS 0x00000000fcb00000, 0x00000000fcb00000| Untracked 
|  12|0x00000000fcc00000, 0x00000000fcc00000, 0x00000000fcd00000|  0%| F|  |TAMS 0x00000000fcc00000, 0x00000000fcc00000| Untracked 
|  13|0x00000000fcd00000, 0x00000000fcd00000, 0x00000000fce00000|  0%| F|  |TAMS 0x00000000fcd00000, 0x00000000fcd00000| Untracked 
|  14|0x00000000fce00000, 0x00000000fce00000, 0x00000000fcf00000|  0%| F|  |TAMS 0x00000000fce00000, 0x00000000fce00000| Untracked 
|  15|0x00000000fcf00000, 0x00000000fcf00000, 0x00000000fd000000|  0%| F|  |TAMS 0x00000000fcf00000, 0x00000000fcf00000| Untracked 
|  16|0x00000000fd000000, 0x00000000fd000000, 0x00000000fd100000|  0%| F|  |TAMS 0x00000000fd000000, 0x00000000fd000000| Untracked 
|  17|0x00000000fd100000, 0x00000000fd100000, 0x00000000fd200000|  0%| F|  |TAMS 0x00000000fd100000, 0x00000000fd100000| Untracked 
|  18|0x00000000fd200000, 0x00000000fd200000, 0x00000000fd300000|  0%| F|  |TAMS 0x00000000fd200000, 0x00000000fd200000| Untracked 
|  19|0x00000000fd300000, 0x00000000fd300000, 0x00000000fd400000|  0%| F|  |TAMS 0x00000000fd300000, 0x00000000fd300000| Untracked 
|  20|0x00000000fd400000, 0x00000000fd400000, 0x00000000fd500000|  0%| F|  |TAMS 0x00000000fd400000, 0x00000000fd400000| Untracked 
|  21|0x00000000fd500000, 0x00000000fd500000, 0x00000000fd600000|  0%| F|  |TAMS 0x00000000fd500000, 0x00000000fd500000| Untracked 
|  22|0x00000000fd600000, 0x00000000fd600000, 0x00000000fd700000|  0%| F|  |TAMS 0x00000000fd600000, 0x00000000fd600000| Untracked 
|  23|0x00000000fd700000, 0x00000000fd700000, 0x00000000fd800000|  0%| F|  |TAMS 0x00000000fd700000, 0x00000000fd700000| Untracked 
|  24|0x00000000fd800000, 0x00000000fd800000, 0x00000000fd900000|  0%| F|  |TAMS 0x00000000fd800000, 0x00000000fd800000| Untracked 
|  25|0x00000000fd900000, 0x00000000fd900000, 0x00000000fda00000|  0%| F|  |TAMS 0x00000000fd900000, 0x00000000fd900000| Untracked 
|  26|0x00000000fda00000, 0x00000000fda00000, 0x00000000fdb00000|  0%| F|  |TAMS 0x00000000fda00000, 0x00000000fda00000| Untracked 
|  27|0x00000000fdb00000, 0x00000000fdb00000, 0x00000000fdc00000|  0%| F|  |TAMS 0x00000000fdb00000, 0x00000000fdb00000| Untracked 
|  28|0x00000000fdc00000, 0x00000000fdc00000, 0x00000000fdd00000|  0%| F|  |TAMS 0x00000000fdc00000, 0x00000000fdc00000| Untracked 
|  29|0x00000000fdd00000, 0x00000000fdd00000, 0x00000000fde00000|  0%| F|  |TAMS 0x00000000fdd00000, 0x00000000fdd00000| Untracked 
|  30|0x00000000fde00000, 0x00000000fde00000, 0x00000000fdf00000|  0%| F|  |TAMS 0x00000000fde00000, 0x00000000fde00000| Untracked 
|  31|0x00000000fdf00000, 0x00000000fdf00000, 0x00000000fe000000|  0%| F|  |TAMS 0x00000000fdf00000, 0x00000000fdf00000| Untracked 
|  32|0x00000000fe000000, 0x00000000fe000000, 0x00000000fe100000|  0%| F|  |TAMS 0x00000000fe000000, 0x00000000fe000000| Untracked 
|  33|0x00000000fe100000, 0x00000000fe100000, 0x00000000fe200000|  0%| F|  |TAMS 0x00000000fe100000, 0x00000000fe100000| Untracked 
|  34|0x00000000fe200000, 0x00000000fe200000, 0x00000000fe300000|  0%| F|  |TAMS 0x00000000fe200000, 0x00000000fe200000| Untracked 
|  35|0x00000000fe300000, 0x00000000fe300000, 0x00000000fe400000|  0%| F|  |TAMS 0x00000000fe300000, 0x00000000fe300000| Untracked 
|  36|0x00000000fe400000, 0x00000000fe400000, 0x00000000fe500000|  0%| F|  |TAMS 0x00000000fe400000, 0x00000000fe400000| Untracked 
|  37|0x00000000fe500000, 0x00000000fe500000, 0x00000000fe600000|  0%| F|  |TAMS 0x00000000fe500000, 0x00000000fe500000| Untracked 
|  38|0x00000000fe600000, 0x00000000fe700000, 0x00000000fe700000|100%| S|CS|TAMS 0x00000000fe600000, 0x00000000fe600000| Complete 
|  39|0x00000000fe700000, 0x00000000fe800000, 0x00000000fe800000|100%| S|CS|TAMS 0x00000000fe700000, 0x00000000fe700000| Complete 
|  40|0x00000000fe800000, 0x00000000fe900000, 0x00000000fe900000|100%| S|CS|TAMS 0x00000000fe800000, 0x00000000fe800000| Complete 
|  41|0x00000000fe900000, 0x00000000fe900000, 0x00000000fea00000|  0%| F|  |TAMS 0x00000000fe900000, 0x00000000fe900000| Untracked 
|  42|0x00000000fea00000, 0x00000000fea00000, 0x00000000feb00000|  0%| F|  |TAMS 0x00000000fea00000, 0x00000000fea00000| Untracked 
|  43|0x00000000feb00000, 0x00000000feb00000, 0x00000000fec00000|  0%| F|  |TAMS 0x00000000feb00000, 0x00000000feb00000| Untracked 
|  44|0x00000000fec00000, 0x00000000fec00000, 0x00000000fed00000|  0%| F|  |TAMS 0x00000000fec00000, 0x00000000fec00000| Untracked 
|  45|0x00000000fed00000, 0x00000000fed00000, 0x00000000fee00000|  0%| F|  |TAMS 0x00000000fed00000, 0x00000000fed00000| Untracked 
|  46|0x00000000fee00000, 0x00000000fee00000, 0x00000000fef00000|  0%| F|  |TAMS 0x00000000fee00000, 0x00000000fee00000| Untracked 
|  47|0x00000000fef00000, 0x00000000fef00000, 0x00000000ff000000|  0%| F|  |TAMS 0x00000000fef00000, 0x00000000fef00000| Untracked 
|  48|0x00000000ff000000, 0x00000000ff000000, 0x00000000ff100000|  0%| F|  |TAMS 0x00000000ff000000, 0x00000000ff000000| Untracked 
|  49|0x00000000ff100000, 0x00000000ff100000, 0x00000000ff200000|  0%| F|  |TAMS 0x00000000ff100000, 0x00000000ff100000| Untracked 
|  50|0x00000000ff200000, 0x00000000ff200000, 0x00000000ff300000|  0%| F|  |TAMS 0x00000000ff200000, 0x00000000ff200000| Untracked 
|  51|0x00000000ff300000, 0x00000000ff3aaa98, 0x00000000ff400000| 66%| E|  |TAMS 0x00000000ff300000, 0x00000000ff300000| Complete 
|  52|0x00000000ff400000, 0x00000000ff500000, 0x00000000ff500000|100%| E|CS|TAMS 0x00000000ff400000, 0x00000000ff400000| Complete 
|  53|0x00000000ff500000, 0x00000000ff600000, 0x00000000ff600000|100%| E|CS|TAMS 0x00000000ff500000, 0x00000000ff500000| Complete 
|  54|0x00000000ff600000, 0x00000000ff700000, 0x00000000ff700000|100%| E|CS|TAMS 0x00000000ff600000, 0x00000000ff600000| Complete 
|  55|0x00000000ff700000, 0x00000000ff800000, 0x00000000ff800000|100%| E|CS|TAMS 0x00000000ff700000, 0x00000000ff700000| Complete 
|  56|0x00000000ff800000, 0x00000000ff900000, 0x00000000ff900000|100%| E|CS|TAMS 0x00000000ff800000, 0x00000000ff800000| Complete 
|  57|0x00000000ff900000, 0x00000000ffa00000, 0x00000000ffa00000|100%| E|CS|TAMS 0x00000000ff900000, 0x00000000ff900000| Complete 
|  58|0x00000000ffa00000, 0x00000000ffb00000, 0x00000000ffb00000|100%| E|CS|TAMS 0x00000000ffa00000, 0x00000000ffa00000| Complete 
|  59|0x00000000ffb00000, 0x00000000ffc00000, 0x00000000ffc00000|100%| E|CS|TAMS 0x00000000ffb00000, 0x00000000ffb00000| Complete 
|  60|0x00000000ffc00000, 0x00000000ffd00000, 0x00000000ffd00000|100%| E|CS|TAMS 0x00000000ffc00000, 0x00000000ffc00000| Complete 
|  61|0x00000000ffd00000, 0x00000000ffe00000, 0x00000000ffe00000|100%| E|CS|TAMS 0x00000000ffd00000, 0x00000000ffd00000| Complete 
|  62|0x00000000ffe00000, 0x00000000fff00000, 0x00000000fff00000|100%| E|CS|TAMS 0x00000000ffe00000, 0x00000000ffe00000| Complete 
|  63|0x00000000fff00000, 0x0000000100000000, 0x0000000100000000|100%| E|CS|TAMS 0x00000000fff00000, 0x00000000fff00000| Complete 

Card table byte_map: [0x000001fd3dd50000,0x000001fd3dd70000] _byte_map_base: 0x000001fd3d570000

Marking Bits (Prev, Next): (CMBitMap*) 0x000001fd3fd998e0, (CMBitMap*) 0x000001fd3fd99920
 Prev Bits: [0x000001fd56950000, 0x000001fd56a50000)
 Next Bits: [0x000001fd56a50000, 0x000001fd56b50000)

Polling page: 0x000001fd3dd00000

Metaspace:

Usage:
  Non-class:      6.59 MB used.
      Class:      1.06 MB used.
       Both:      7.65 MB used.

Virtual space:
  Non-class space:       64.00 MB reserved,       6.69 MB ( 10%) committed,  1 nodes.
      Class space:        1.00 GB reserved,       1.12 MB ( <1%) committed,  1 nodes.
             Both:        1.06 GB reserved,       7.81 MB ( <1%) committed. 

Chunk freelists:
   Non-Class:  8.66 MB
       Class:  14.70 MB
        Both:  23.36 MB

MaxMetaspaceSize: unlimited
CompressedClassSpaceSize: 1.00 GB
Initial GC threshold: 21.00 MB
Current GC threshold: 21.00 MB
CDS: on
MetaspaceReclaimPolicy: balanced
 - commit_granule_bytes: 65536.
 - commit_granule_words: 8192.
 - virtual_space_node_default_size: 8388608.
 - enlarge_chunks_in_place: 1.
 - new_chunks_are_fully_committed: 0.
 - uncommit_free_chunks: 1.
 - use_allocation_guard: 0.
 - handle_deallocations: 1.


Internal statistics:

num_allocs_failed_limit: 0.
num_arena_births: 76.
num_arena_deaths: 0.
num_vsnodes_births: 2.
num_vsnodes_deaths: 0.
num_space_committed: 125.
num_space_uncommitted: 0.
num_chunks_returned_to_freelist: 0.
num_chunks_taken_from_freelist: 274.
num_chunk_merges: 0.
num_chunk_splits: 189.
num_chunks_enlarged: 159.
num_purges: 0.
num_inconsistent_stats: 0.

CodeHeap 'non-profiled nmethods': size=120000Kb used=482Kb max_used=482Kb free=119517Kb
 bounds [0x000001fd4f0f0000, 0x000001fd4f360000, 0x000001fd56620000]
CodeHeap 'profiled nmethods': size=120000Kb used=2244Kb max_used=2244Kb free=117755Kb
 bounds [0x000001fd47620000, 0x000001fd47890000, 0x000001fd4eb50000]
CodeHeap 'non-nmethods': size=5760Kb used=1174Kb max_used=1189Kb free=4585Kb
 bounds [0x000001fd4eb50000, 0x000001fd4edc0000, 0x000001fd4f0f0000]
 total_blobs=1650 nmethods=1195 adapters=368
 compilation: enabled
              stopped_count=0, restarted_count=0
 full_count=0

Compilation events (20 events):
Event: 4.262 Thread 0x000001fd59544300 nmethod 1187 0x000001fd4f168410 code [0x000001fd4f1685a0, 0x000001fd4f168678]
Event: 5.065 Thread 0x000001fd59544300 1188       1       org.gradle.internal.logging.events.UpdateNowEvent::getTimestamp (5 bytes)
Event: 5.065 Thread 0x000001fd59544300 nmethod 1188 0x000001fd4f168710 code [0x000001fd4f1688a0, 0x000001fd4f168978]
Event: 5.467 Thread 0x000001fd59544300 1189       3       java.util.concurrent.ThreadPoolExecutor::runStateAtLeast (11 bytes)
Event: 5.468 Thread 0x000001fd59544300 nmethod 1189 0x000001fd4784ec10 code [0x000001fd4784eda0, 0x000001fd4784eef8]
Event: 5.657 Thread 0x000001fd59544300 1190       3       java.util.concurrent.locks.AbstractQueuedSynchronizer::compareAndSetState (13 bytes)
Event: 5.657 Thread 0x000001fd59544300 nmethod 1190 0x000001fd4784ef90 code [0x000001fd4784f120, 0x000001fd4784f258]
Event: 5.657 Thread 0x000001fd59544300 1191       3       java.util.concurrent.locks.AbstractQueuedSynchronizer::release (19 bytes)
Event: 5.658 Thread 0x000001fd59544300 nmethod 1191 0x000001fd4784f310 code [0x000001fd4784f500, 0x000001fd4784f988]
Event: 5.753 Thread 0x000001fd59544300 1192       3       java.util.LinkedHashMap$LinkedValueIterator::next (8 bytes)
Event: 5.754 Thread 0x000001fd59544300 nmethod 1192 0x000001fd4784fb10 code [0x000001fd4784fcc0, 0x000001fd4784fe08]
Event: 5.865 Thread 0x000001fd59544300 1193       3       java.util.ArrayList::isEmpty (13 bytes)
Event: 5.866 Thread 0x000001fd59544300 nmethod 1193 0x000001fd4784ff10 code [0x000001fd478500a0, 0x000001fd47850218]
Event: 7.455 Thread 0x000001fd59544300 1194       3       java.util.concurrent.locks.ReentrantLock$Sync::tryRelease (51 bytes)
Event: 7.455 Thread 0x000001fd59544300 nmethod 1194 0x000001fd47850290 code [0x000001fd47850440, 0x000001fd47850788]
Event: 8.163 Thread 0x000001fd59544300 1195       3       java.util.LinkedHashMap$LinkedHashIterator::<init> (31 bytes)
Event: 8.164 Thread 0x000001fd59544300 nmethod 1195 0x000001fd47850890 code [0x000001fd47850a40, 0x000001fd47850c98]
Event: 8.957 Thread 0x000001fd59544300 1196       3       java.util.concurrent.ThreadPoolExecutor::isShutdown (12 bytes)
Event: 8.957 Thread 0x000001fd59544300 nmethod 1196 0x000001fd47850d90 code [0x000001fd47850f40, 0x000001fd47851138]
Event: 8.957 Thread 0x000001fd59544300 1197       3       java.util.concurrent.ScheduledThreadPoolExecutor::canRunInCurrentRunState (61 bytes)

GC Heap History (2 events):
Event: 0.439 GC heap before
{Heap before GC invocations=0 (full 0):
 garbage-first heap   total 65536K, used 28672K [0x00000000fc000000, 0x0000000100000000)
  region size 1024K, 23 young (23552K), 0 survivors (0K)
 Metaspace       used 3835K, committed 4032K, reserved 1114112K
  class space    used 493K, committed 576K, reserved 1048576K
}
Event: 0.444 GC heap after
{Heap after GC invocations=1 (full 0):
 garbage-first heap   total 65536K, used 9280K [0x00000000fc000000, 0x0000000100000000)
  region size 1024K, 3 young (3072K), 3 survivors (3072K)
 Metaspace       used 3835K, committed 4032K, reserved 1114112K
  class space    used 493K, committed 576K, reserved 1048576K
}

Deoptimization events (20 events):
Event: 0.537 Thread 0x000001fd3fd799b0 DEOPT PACKING pc=0x000001fd4f129d44 sp=0x0000007e22cfc0b0
Event: 0.537 Thread 0x000001fd3fd799b0 DEOPT UNPACKING pc=0x000001fd4eba5ba3 sp=0x0000007e22cfc078 mode 2
Event: 0.578 Thread 0x000001fd3fd799b0 DEOPT PACKING pc=0x000001fd476728d6 sp=0x0000007e22cf9760
Event: 0.578 Thread 0x000001fd3fd799b0 DEOPT UNPACKING pc=0x000001fd4eba66e3 sp=0x0000007e22cf8be8 mode 0
Event: 0.590 Thread 0x000001fd3fd799b0 DEOPT PACKING pc=0x000001fd476bd965 sp=0x0000007e22cf9a10
Event: 0.590 Thread 0x000001fd3fd799b0 DEOPT UNPACKING pc=0x000001fd4eba66e3 sp=0x0000007e22cf8e60 mode 0
Event: 0.596 Thread 0x000001fd3fd799b0 DEOPT PACKING pc=0x000001fd47740438 sp=0x0000007e22cfa2f0
Event: 0.596 Thread 0x000001fd3fd799b0 DEOPT UNPACKING pc=0x000001fd4eba66e3 sp=0x0000007e22cf9808 mode 0
Event: 0.615 Thread 0x000001fd3fd799b0 Uncommon trap: trap_request=0xffffffc6 fr.pc=0x000001fd4f1514d4 relative=0x0000000000000574
Event: 0.615 Thread 0x000001fd3fd799b0 Uncommon trap: reason=bimorphic_or_optimized_type_check action=maybe_recompile pc=0x000001fd4f1514d4 method=java.util.concurrent.ConcurrentHashMap.get(Ljava/lang/Object;)Ljava/lang/Object; @ 149 c2
Event: 0.615 Thread 0x000001fd3fd799b0 DEOPT PACKING pc=0x000001fd4f1514d4 sp=0x0000007e22cfbb80
Event: 0.615 Thread 0x000001fd3fd799b0 DEOPT UNPACKING pc=0x000001fd4eba5ba3 sp=0x0000007e22cfbb20 mode 2
Event: 0.770 Thread 0x000001fd3fd799b0 Uncommon trap: trap_request=0xffffff45 fr.pc=0x000001fd4f12d4cc relative=0x000000000000068c
Event: 0.770 Thread 0x000001fd3fd799b0 Uncommon trap: reason=unstable_if action=reinterpret pc=0x000001fd4f12d4cc method=java.lang.AbstractStringBuilder.append(Ljava/lang/String;)Ljava/lang/AbstractStringBuilder; @ 1 c2
Event: 0.770 Thread 0x000001fd3fd799b0 DEOPT PACKING pc=0x000001fd4f12d4cc sp=0x0000007e22cfc8c0
Event: 0.770 Thread 0x000001fd3fd799b0 DEOPT UNPACKING pc=0x000001fd4eba5ba3 sp=0x0000007e22cfc840 mode 2
Event: 0.770 Thread 0x000001fd3fd799b0 Uncommon trap: trap_request=0xffffff45 fr.pc=0x000001fd4f12e160 relative=0x00000000000006a0
Event: 0.770 Thread 0x000001fd3fd799b0 Uncommon trap: reason=unstable_if action=reinterpret pc=0x000001fd4f12e160 method=java.lang.AbstractStringBuilder.append(Ljava/lang/String;)Ljava/lang/AbstractStringBuilder; @ 1 c2
Event: 0.770 Thread 0x000001fd3fd799b0 DEOPT PACKING pc=0x000001fd4f12e160 sp=0x0000007e22cfc860
Event: 0.770 Thread 0x000001fd3fd799b0 DEOPT UNPACKING pc=0x000001fd4eba5ba3 sp=0x0000007e22cfc848 mode 2

Classes unloaded (0 events):
No events

Classes redefined (0 events):
No events

Internal exceptions (19 events):
Event: 0.133 Thread 0x000001fd3fd799b0 Exception <a 'java/lang/NoSuchMethodError'{0x00000000ffc5ef20}: 'int java.lang.invoke.DirectMethodHandle$Holder.invokeStaticInit(java.lang.Object, java.lang.Object)'> (0x00000000ffc5ef20) 
thrown [s\open\src\hotspot\share\interpreter\linkResolver.cpp, line 759]
Event: 0.396 Thread 0x000001fd3fd799b0 Exception <a 'java/lang/NoSuchMethodError'{0x00000000febcef28}: 'void java.lang.invoke.DirectMethodHandle$Holder.invokeStatic(java.lang.Object, java.lang.Object)'> (0x00000000febcef28) 
thrown [s\open\src\hotspot\share\interpreter\linkResolver.cpp, line 759]
Event: 0.409 Thread 0x000001fd3fd799b0 Exception <a 'java/lang/NoClassDefFoundError'{0x00000000fea511f0}: org/slf4j/impl/StaticMarkerBinder> (0x00000000fea511f0) 
thrown [s\open\src\hotspot\share\classfile\systemDictionary.cpp, line 245]
Event: 0.417 Thread 0x000001fd3fd799b0 Exception <a 'java/lang/NoSuchMethodError'{0x00000000feaec388}: 'java.lang.Object java.lang.invoke.DirectMethodHandle$Holder.invokeVirtual(java.lang.Object, java.lang.Object, java.lang.Object, java.lang.Object, java.lang.Object, java.lang.Object, java.lang.Object)'> (0x00000000feaec388) 
thrown [s\open\src\hotspot\share\interpreter\linkResolver.cpp, line 759]
Event: 0.418 Thread 0x000001fd3fd799b0 Exception <a 'java/lang/NoSuchMethodError'{0x00000000feafdee8}: 'java.lang.Object java.lang.invoke.Invokers$Holder.invoker(java.lang.Object, java.lang.Object, java.lang.Object)'> (0x00000000feafdee8) 
thrown [s\open\src\hotspot\share\interpreter\linkResolver.cpp, line 759]
Event: 0.419 Thread 0x000001fd3fd799b0 Exception <a 'java/lang/NoSuchMethodError'{0x00000000fe907478}: 'java.lang.Object java.lang.invoke.DirectMethodHandle$Holder.invokeStatic(java.lang.Object, java.lang.Object, int)'> (0x00000000fe907478) 
thrown [s\open\src\hotspot\share\interpreter\linkResolver.cpp, line 759]
Event: 0.420 Thread 0x000001fd3fd799b0 Exception <a 'java/lang/NoSuchMethodError'{0x00000000fe913168}: 'void java.lang.invoke.DelegatingMethodHandle$Holder.delegate(java.lang.Object, java.lang.Object, int, java.lang.Object)'> (0x00000000fe913168) 
thrown [s\open\src\hotspot\share\interpreter\linkResolver.cpp, line 759]
Event: 0.420 Thread 0x000001fd3fd799b0 Exception <a 'java/lang/NoSuchMethodError'{0x00000000fe9172b0}: 'int java.lang.invoke.DirectMethodHandle$Holder.invokeSpecial(java.lang.Object, java.lang.Object, java.lang.Object)'> (0x00000000fe9172b0) 
thrown [s\open\src\hotspot\share\interpreter\linkResolver.cpp, line 759]
Event: 0.423 Thread 0x000001fd3fd799b0 Exception <a 'java/lang/NoSuchMethodError'{0x00000000fe92a3f8}: 'java.lang.Object java.lang.invoke.Invokers$Holder.invokeExact_MT(java.lang.Object, java.lang.Object, java.lang.Object, java.lang.Object)'> (0x00000000fe92a3f8) 
thrown [s\open\src\hotspot\share\interpreter\linkResolver.cpp, line 759]
Event: 0.493 Thread 0x000001fd3fd799b0 Exception <a 'java/lang/NoSuchMethodError'{0x00000000ffc70e28}: 'java.lang.Object java.lang.invoke.DirectMethodHandle$Holder.invokeInterface(java.lang.Object, java.lang.Object, java.lang.Object)'> (0x00000000ffc70e28) 
thrown [s\open\src\hotspot\share\interpreter\linkResolver.cpp, line 759]
Event: 0.497 Thread 0x000001fd3fd799b0 Exception <a 'java/lang/NoSuchMethodError'{0x00000000ffc929f0}: 'void java.lang.invoke.DirectMethodHandle$Holder.invokeSpecial(java.lang.Object, java.lang.Object, java.lang.Object)'> (0x00000000ffc929f0) 
thrown [s\open\src\hotspot\share\interpreter\linkResolver.cpp, line 759]
Event: 0.509 Thread 0x000001fd3fd799b0 Implicit null exception at 0x000001fd4f144593 to 0x000001fd4f1449cc
Event: 0.509 Thread 0x000001fd3fd799b0 Implicit null exception at 0x000001fd4f131091 to 0x000001fd4f1314bc
Event: 0.526 Thread 0x000001fd3fd799b0 Exception <a 'java/lang/NoSuchMethodError'{0x00000000ffa2c8e8}: 'java.lang.Object java.lang.invoke.DirectMethodHandle$Holder.invokeStaticInit(java.lang.Object)'> (0x00000000ffa2c8e8) 
thrown [s\open\src\hotspot\share\interpreter\linkResolver.cpp, line 759]
Event: 0.611 Thread 0x000001fd3fd799b0 Exception <a 'java/lang/NoSuchMethodError'{0x00000000ff61e9e8}: 'java.lang.Object java.lang.invoke.DirectMethodHandle$Holder.invokeStaticInit(java.lang.Object, int, int, int, int)'> (0x00000000ff61e9e8) 
thrown [s\open\src\hotspot\share\interpreter\linkResolver.cpp, line 759]
Event: 0.672 Thread 0x000001fd3fd799b0 Exception <a 'java/lang/NoSuchMethodError'{0x00000000ff664b68}: 'java.lang.Object java.lang.invoke.DirectMethodHandle$Holder.invokeStaticInit(java.lang.Object, java.lang.Object, int, int, int, int)'> (0x00000000ff664b68) 
thrown [s\open\src\hotspot\share\interpreter\linkResolver.cpp, line 759]
Event: 0.757 Thread 0x000001fd3fd799b0 Exception <a 'java/lang/NoSuchMethodError'{0x00000000ff692250}: 'void java.lang.invoke.DirectMethodHandle$Holder.invokeStatic(java.lang.Object, java.lang.Object, java.lang.Object)'> (0x00000000ff692250) 
thrown [s\open\src\hotspot\share\interpreter\linkResolver.cpp, line 759]
Event: 0.770 Thread 0x000001fd3fd799b0 Implicit null exception at 0x000001fd4f12ce72 to 0x000001fd4f12d4b4
Event: 0.770 Thread 0x000001fd3fd799b0 Implicit null exception at 0x000001fd4f12daf2 to 0x000001fd4f12e148

VM Operations (16 events):
Event: 0.068 Executing VM operation: HandshakeAllThreads
Event: 0.068 Executing VM operation: HandshakeAllThreads done
Event: 0.407 Executing VM operation: HandshakeAllThreads
Event: 0.407 Executing VM operation: HandshakeAllThreads done
Event: 0.419 Executing VM operation: HandshakeAllThreads
Event: 0.419 Executing VM operation: HandshakeAllThreads done
Event: 0.439 Executing VM operation: G1CollectForAllocation
Event: 0.444 Executing VM operation: G1CollectForAllocation done
Event: 0.575 Executing VM operation: HandshakeAllThreads
Event: 0.575 Executing VM operation: HandshakeAllThreads done
Event: 0.656 Executing VM operation: HandshakeAllThreads
Event: 0.656 Executing VM operation: HandshakeAllThreads done
Event: 1.670 Executing VM operation: Cleanup
Event: 1.670 Executing VM operation: Cleanup done
Event: 6.716 Executing VM operation: Cleanup
Event: 6.716 Executing VM operation: Cleanup done

Events (20 events):
Event: 0.821 loading class java/nio/channels/Pipe$SinkChannel done
Event: 0.821 loading class sun/nio/ch/SinkChannelImpl done
Event: 0.822 loading class sun/nio/ch/SelectionKeyImpl
Event: 0.822 loading class java/nio/channels/spi/AbstractSelectionKey
Event: 0.822 loading class java/nio/channels/SelectionKey
Event: 0.822 loading class java/nio/channels/SelectionKey done
Event: 0.822 loading class java/nio/channels/spi/AbstractSelectionKey done
Event: 0.822 loading class sun/nio/ch/SelectionKeyImpl done
Event: 0.822 loading class java/lang/invoke/ConstantBootstraps
Event: 0.823 loading class java/lang/invoke/ConstantBootstraps done
Event: 0.831 loading class java/nio/channels/spi/AbstractSelector$1
Event: 0.831 loading class java/nio/channels/spi/AbstractSelector$1 done
Event: 0.842 Thread 0x000001fd59776480 Thread added: 0x000001fd59776480
Event: 0.843 loading class java/nio/charset/CharacterCodingException
Event: 0.843 loading class java/nio/charset/CharacterCodingException done
Event: 0.844 loading class java/nio/channels/AsynchronousCloseException
Event: 0.845 loading class java/nio/channels/ClosedChannelException
Event: 0.845 loading class java/nio/channels/ClosedChannelException done
Event: 0.845 loading class java/nio/channels/AsynchronousCloseException done
Event: 0.845 Thread 0x000001fd59775fb0 Thread added: 0x000001fd59775fb0


Dynamic libraries:
0x00007ff75d570000 - 0x00007ff75d580000 	C:\Program Files\Java\jdk-17\bin\java.exe
0x00007ffcb2e70000 - 0x00007ffcb3068000 	C:\Windows\SYSTEM32\ntdll.dll
0x00007ffcb2a70000 - 0x00007ffcb2b2d000 	C:\Windows\System32\KERNEL32.DLL
0x00007ffcb0550000 - 0x00007ffcb0846000 	C:\Windows\System32\KERNELBASE.dll
0x00007ffcb0a90000 - 0x00007ffcb0b90000 	C:\Windows\System32\ucrtbase.dll
0x00007ffc7d6a0000 - 0x00007ffc7d6b9000 	C:\Program Files\Java\jdk-17\bin\jli.dll
0x00007ffcb2be0000 - 0x00007ffcb2c8e000 	C:\Windows\System32\ADVAPI32.dll
0x00007ffcb2780000 - 0x00007ffcb281e000 	C:\Windows\System32\msvcrt.dll
0x00007ffc7d620000 - 0x00007ffc7d63b000 	C:\Program Files\Java\jdk-17\bin\VCRUNTIME140.dll
0x00007ffcb2820000 - 0x00007ffcb28bc000 	C:\Windows\System32\sechost.dll
0x00007ffcb12e0000 - 0x00007ffcb1406000 	C:\Windows\System32\RPCRT4.dll
0x00007ffcb1f20000 - 0x00007ffcb20be000 	C:\Windows\System32\USER32.dll
0x00007ffc94de0000 - 0x00007ffc9507a000 	C:\Windows\WinSxS\amd64_microsoft.windows.common-controls_6595b64144ccf1df_6.0.19041.1110_none_60b5254171f9507e\COMCTL32.dll
0x00007ffcb0850000 - 0x00007ffcb0872000 	C:\Windows\System32\win32u.dll
0x00007ffcb2210000 - 0x00007ffcb223c000 	C:\Windows\System32\GDI32.dll
0x00007ffcb08d0000 - 0x00007ffcb09ea000 	C:\Windows\System32\gdi32full.dll
0x00007ffcb09f0000 - 0x00007ffcb0a8d000 	C:\Windows\System32\msvcp_win.dll
0x00007ffca68c0000 - 0x00007ffca68ca000 	C:\Windows\SYSTEM32\VERSION.dll
0x00007ffcb21e0000 - 0x00007ffcb2210000 	C:\Windows\System32\IMM32.DLL
0x00007ffca9e40000 - 0x00007ffca9e4c000 	C:\Program Files\Java\jdk-17\bin\vcruntime140_1.dll
0x00007ffc46bc0000 - 0x00007ffc46c4e000 	C:\Program Files\Java\jdk-17\bin\msvcp140.dll
0x00007ffc44530000 - 0x00007ffc4510e000 	C:\Program Files\Java\jdk-17\bin\server\jvm.dll
0x00007ffcb2a50000 - 0x00007ffcb2a58000 	C:\Windows\System32\PSAPI.DLL
0x00007ffc931f0000 - 0x00007ffc93217000 	C:\Windows\SYSTEM32\WINMM.dll
0x00007ffc91cb0000 - 0x00007ffc91cb9000 	C:\Windows\SYSTEM32\WSOCK32.dll
0x00007ffcb29e0000 - 0x00007ffcb2a4b000 	C:\Windows\System32\WS2_32.dll
0x00007ffcaed70000 - 0x00007ffcaed82000 	C:\Windows\SYSTEM32\kernel.appcore.dll
0x00007ffc801b0000 - 0x00007ffc801ba000 	C:\Program Files\Java\jdk-17\bin\jimage.dll
0x00007ffcae100000 - 0x00007ffcae2e4000 	C:\Windows\SYSTEM32\DBGHELP.DLL
0x00007ffc93420000 - 0x00007ffc93454000 	C:\Windows\SYSTEM32\dbgcore.DLL
0x00007ffcb0e40000 - 0x00007ffcb0ec2000 	C:\Windows\System32\bcryptPrimitives.dll
0x00007ffc46fd0000 - 0x00007ffc46ff5000 	C:\Program Files\Java\jdk-17\bin\java.dll
0x00007ffc44450000 - 0x00007ffc44527000 	C:\Program Files\Java\jdk-17\bin\jsvml.dll
0x00007ffcb17d0000 - 0x00007ffcb1f15000 	C:\Windows\System32\SHELL32.dll
0x00007ffcae5c0000 - 0x00007ffcaed5b000 	C:\Windows\SYSTEM32\windows.storage.dll
0x00007ffcb1410000 - 0x00007ffcb1764000 	C:\Windows\System32\combase.dll
0x00007ffcaff90000 - 0x00007ffcaffbe000 	C:\Windows\SYSTEM32\Wldp.dll
0x00007ffcb2b30000 - 0x00007ffcb2bdd000 	C:\Windows\System32\SHCORE.dll
0x00007ffcb2dd0000 - 0x00007ffcb2e25000 	C:\Windows\System32\shlwapi.dll
0x00007ffcb0480000 - 0x00007ffcb04a5000 	C:\Windows\SYSTEM32\profapi.dll
0x00007ffc64d50000 - 0x00007ffc64d69000 	C:\Program Files\Java\jdk-17\bin\net.dll
0x00007ffca90a0000 - 0x00007ffca91aa000 	C:\Windows\SYSTEM32\WINHTTP.dll
0x00007ffcafcf0000 - 0x00007ffcafd5a000 	C:\Windows\system32\mswsock.dll
0x00007ffc47030000 - 0x00007ffc47046000 	C:\Program Files\Java\jdk-17\bin\nio.dll
0x00007ffc46d20000 - 0x00007ffc46d38000 	C:\Program Files\Java\jdk-17\bin\zip.dll
0x00007ffca6ab0000 - 0x00007ffca6ac0000 	C:\Program Files\Java\jdk-17\bin\verify.dll
0x00007ffc72fb0000 - 0x00007ffc72fd7000 	C:\Users\saida\.gradle\native\e1d6ef7f7dcc3fd88c89a11ec53ec762bb8ba0a96d01ffa2cd45eb1d1d8dd5c5\windows-amd64\native-platform.dll
0x00007ffc7d600000 - 0x00007ffc7d60a000 	C:\Program Files\Java\jdk-17\bin\management.dll
0x00007ffc64d40000 - 0x00007ffc64d4b000 	C:\Program Files\Java\jdk-17\bin\management_ext.dll
0x00007ffcafee0000 - 0x00007ffcafef8000 	C:\Windows\SYSTEM32\CRYPTSP.dll
0x00007ffcaf590000 - 0x00007ffcaf5c4000 	C:\Windows\system32\rsaenh.dll
0x00007ffcb0d60000 - 0x00007ffcb0d87000 	C:\Windows\System32\bcrypt.dll
0x00007ffcb0440000 - 0x00007ffcb046e000 	C:\Windows\SYSTEM32\USERENV.dll
0x00007ffcaff00000 - 0x00007ffcaff0c000 	C:\Windows\SYSTEM32\CRYPTBASE.dll
0x00007ffcaf990000 - 0x00007ffcaf9cb000 	C:\Windows\SYSTEM32\IPHLPAPI.DLL
0x00007ffcb2a60000 - 0x00007ffcb2a68000 	C:\Windows\System32\NSI.dll
0x00007ffca69b0000 - 0x00007ffca69c7000 	C:\Windows\SYSTEM32\dhcpcsvc6.DLL
0x00007ffca6890000 - 0x00007ffca68ad000 	C:\Windows\SYSTEM32\dhcpcsvc.DLL
0x00007ffcaf9e0000 - 0x00007ffcafaaa000 	C:\Windows\SYSTEM32\DNSAPI.dll
0x00007ffc64d30000 - 0x00007ffc64d3e000 	C:\Program Files\Java\jdk-17\bin\sunmscapi.dll
0x00007ffcb0b90000 - 0x00007ffcb0cee000 	C:\Windows\System32\CRYPT32.dll
0x00007ffcb0000000 - 0x00007ffcb0028000 	C:\Windows\SYSTEM32\ncrypt.dll
0x00007ffcaffc0000 - 0x00007ffcafffb000 	C:\Windows\SYSTEM32\NTASN1.dll
0x00007ffc64600000 - 0x00007ffc64607000 	C:\Windows\system32\wshunix.dll

dbghelp: loaded successfully - version: 4.0.5 - missing functions: none
symbol engine: initialized successfully - sym options: 0x614 - pdb path: .;C:\Program Files\Java\jdk-17\bin;C:\Windows\SYSTEM32;C:\Windows\WinSxS\amd64_microsoft.windows.common-controls_6595b64144ccf1df_6.0.19041.1110_none_60b5254171f9507e;C:\Program Files\Java\jdk-17\bin\server;C:\Users\saida\.gradle\native\e1d6ef7f7dcc3fd88c89a11ec53ec762bb8ba0a96d01ffa2cd45eb1d1d8dd5c5\windows-amd64

VM Arguments:
jvm_args: -Xmx64m -Xms64m -Dorg.gradle.appname=gradlew 
java_command: org.gradle.wrapper.GradleWrapperMain app:installDebug -PreactNativeDevServerPort=8081
java_class_path (initial): D:\Downloads Saida\APPP-master (1)\AwesomeProject\android\\gradle\wrapper\gradle-wrapper.jar
Launcher Type: SUN_STANDARD

[Global flags]
     intx CICompilerCount                          = 4                                         {product} {ergonomic}
     uint ConcGCThreads                            = 2                                         {product} {ergonomic}
     uint G1ConcRefinementThreads                  = 8                                         {product} {ergonomic}
   size_t G1HeapRegionSize                         = 1048576                                   {product} {ergonomic}
    uintx GCDrainStackTargetSize                   = 64                                        {product} {ergonomic}
   size_t InitialHeapSize                          = 67108864                                  {product} {command line}
   size_t MarkStackSize                            = 4194304                                   {product} {ergonomic}
   size_t MaxHeapSize                              = 67108864                                  {product} {command line}
   size_t MaxNewSize                               = 39845888                                  {product} {ergonomic}
   size_t MinHeapDeltaBytes                        = 1048576                                   {product} {ergonomic}
   size_t MinHeapSize                              = 67108864                                  {product} {command line}
    uintx NonNMethodCodeHeapSize                   = 5839372                                {pd product} {ergonomic}
    uintx NonProfiledCodeHeapSize                  = 122909434                              {pd product} {ergonomic}
    uintx ProfiledCodeHeapSize                     = 122909434                              {pd product} {ergonomic}
    uintx ReservedCodeCacheSize                    = 251658240                              {pd product} {ergonomic}
     bool SegmentedCodeCache                       = true                                      {product} {ergonomic}
   size_t SoftMaxHeapSize                          = 67108864                               {manageable} {ergonomic}
     bool UseCompressedClassPointers               = true                           {product lp64_product} {ergonomic}
     bool UseCompressedOops                        = true                           {product lp64_product} {ergonomic}
     bool UseG1GC                                  = true                                      {product} {ergonomic}
     bool UseLargePagesIndividualAllocation        = false                                  {pd product} {ergonomic}

Logging:
Log output configuration:
 #0: stdout all=warning uptime,level,tags
 #1: stderr all=off uptime,level,tags

Environment Variables:
JAVA_HOME=C:\Program Files\Java\jdk-17
CLASSPATH=D:\Downloads Saida\APPP-master (1)\AwesomeProject\android\\gradle\wrapper\gradle-wrapper.jar
PATH=D:\Downloads Saida\APPP-master (1)\AwesomeProject\node_modules\.bin;D:\Downloads Saida\APPP-master (1)\AwesomeProject\node_modules\.bin;D:\Downloads Saida\APPP-master (1)\node_modules\.bin;D:\Downloads Saida\node_modules\.bin;D:\node_modules\.bin;C:\Program Files\nodejs\node_modules\npm\node_modules\@npmcli\run-script\lib\node-gyp-bin;D:\Downloads Saida\APPP-master (1)\AwesomeProject\node_modules\.bin;D:\Downloads Saida\APPP-master (1)\AwesomeProject\node_modules\.bin;D:\Downloads Saida\APPP-master (1)\node_modules\.bin;D:\Downloads Saida\node_modules\.bin;D:\node_modules\.bin;C:\Program Files\nodejs\node_modules\npm\node_modules\@npmcli\run-script\lib\node-gyp-bin;D:\VM\bin\;C:\Program Files\Common Files\Oracle\Java\javapath;C:\Program Files\Microsoft\jdk-11.0.20.8-hotspot\bin;C:\Windows\system32;C:\Windows;C:\Windows\System32\Wbem;C:\Windows\System32\WindowsPowerShell\v1.0\;C:\Windows\System32\OpenSSH\;C:\Program Files\nodejs\;C:\ProgramData\chocolatey\bin;C:\Users\saida\AppData\Local\Android\Sdk\platform-tools;C:\Users\saida\AppData\Local\Android\Sdk\tools;C:\Users\saida\AppData\Local\Microsoft\WindowsApps;;C:\Users\saida\AppData\Local\Programs\Microsoft VS Code\bin;C:\Users\saida\AppData\Roaming\npm
USERNAME=saida
LANG=en_US.UTF-8
OS=Windows_NT
PROCESSOR_IDENTIFIER=Intel64 Family 6 Model 140 Stepping 1, GenuineIntel



---------------  S Y S T E M  ---------------

OS:
 Windows 10 , 64 bit Build 19041 (10.0.19041.3393)
OS uptime: 0 days 0:56 hours

CPU: total 8 (initial active 8) (4 cores per cpu, 2 threads per core) family 6 model 140 stepping 1 microcode 0xac, cx8, cmov, fxsr, ht, mmx, 3dnowpref, sse, sse2, sse3, ssse3, sse4.1, sse4.2, popcnt, lzcnt, tsc, tscinvbit, avx, avx2, aes, erms, clmul, bmi1, bmi2, adx, avx512f, avx512dq, avx512cd, avx512bw, avx512vl, sha, fma, vzeroupper, avx512_vpopcntdq, avx512_vpclmulqdq, avx512_vaes, avx512_vnni, clflush, clflushopt, clwb, avx512_vbmi2, avx512_vbmi

Memory: 4k page, system-wide physical 7847M (336M free)
TotalPageFile size 21766M (AvailPageFile size 0M)
current process WorkingSet (physical memory assigned to process): 88M, peak: 95M
current process commit charge ("private bytes"): 159M, peak: 166M

vm_info: Java HotSpot(TM) 64-Bit Server VM (17.0.8+9-LTS-211) for windows-amd64 JRE (17.0.8+9-LTS-211), built on Jun 14 2023 10:34:31 by "mach5one" with MS VC++ 17.1 (VS2022)

END.
